{"C:\\Users\\Danuka\\Documents\\SEM5 - SE Project\\backend-api-auth\\app.js": {"path":"C:\\Users\\Danuka\\Documents\\SEM5 - SE Project\\backend-api-auth\\app.js","statementMap":{"0":{"start":{"line":1,"column":16},"end":{"line":1,"column":34}},"1":{"start":{"line":2,"column":13},"end":{"line":2,"column":28}},"2":{"start":{"line":3,"column":21},"end":{"line":3,"column":45}},"3":{"start":{"line":5,"column":18},"end":{"line":5,"column":42}},"4":{"start":{"line":6,"column":18},"end":{"line":6,"column":41}},"5":{"start":{"line":8,"column":12},"end":{"line":8,"column":21}},"6":{"start":{"line":11,"column":0},"end":{"line":11,"column":23}},"7":{"start":{"line":12,"column":0},"end":{"line":12,"column":45}},"8":{"start":{"line":13,"column":0},"end":{"line":13,"column":23}},"9":{"start":{"line":15,"column":20},"end":{"line":24,"column":1}},"10":{"start":{"line":17,"column":8},"end":{"line":21,"column":9}},"11":{"start":{"line":18,"column":12},"end":{"line":18,"column":32}},"12":{"start":{"line":20,"column":12},"end":{"line":20,"column":54}},"13":{"start":{"line":26,"column":0},"end":{"line":26,"column":15}},"14":{"start":{"line":29,"column":0},"end":{"line":29,"column":39}},"15":{"start":{"line":30,"column":0},"end":{"line":32,"column":2}},"16":{"start":{"line":31,"column":4},"end":{"line":31,"column":35}},"17":{"start":{"line":34,"column":0},"end":{"line":34,"column":20}}},"fnMap":{"0":{"name":"(anonymous_0)","decl":{"start":{"line":16,"column":12},"end":{"line":16,"column":13}},"loc":{"start":{"line":16,"column":40},"end":{"line":22,"column":5}},"line":16},"1":{"name":"(anonymous_1)","decl":{"start":{"line":30,"column":17},"end":{"line":30,"column":18}},"loc":{"start":{"line":30,"column":41},"end":{"line":32,"column":1}},"line":30}},"branchMap":{"0":{"loc":{"start":{"line":17,"column":8},"end":{"line":21,"column":9}},"type":"if","locations":[{"start":{"line":17,"column":8},"end":{"line":21,"column":9}},{"start":{"line":19,"column":15},"end":{"line":21,"column":9}}],"line":17}},"s":{"0":1,"1":1,"2":1,"3":1,"4":1,"5":1,"6":1,"7":1,"8":1,"9":1,"10":0,"11":0,"12":0,"13":1,"14":1,"15":1,"16":0,"17":1},"f":{"0":0,"1":0},"b":{"0":[0,0]},"_coverageSchema":"1a1c01bbd47fc00a2c39e90264f33305004495a9","hash":"845801cf8d67e203604104c07b61f0c8d5c3d237"}
,"C:\\Users\\Danuka\\Documents\\SEM5 - SE Project\\backend-api-auth\\controllers\\admin.js": {"path":"C:\\Users\\Danuka\\Documents\\SEM5 - SE Project\\backend-api-auth\\controllers\\admin.js","statementMap":{"0":{"start":{"line":1,"column":14},"end":{"line":1,"column":40}},"1":{"start":{"line":2,"column":13},"end":{"line":2,"column":38}},"2":{"start":{"line":3,"column":22},"end":{"line":3,"column":69}},"3":{"start":{"line":4,"column":78},"end":{"line":4,"column":111}},"4":{"start":{"line":6,"column":24},"end":{"line":129,"column":1}},"5":{"start":{"line":10,"column":22},"end":{"line":10,"column":57}},"6":{"start":{"line":11,"column":8},"end":{"line":11,"column":43}},"7":{"start":{"line":15,"column":8},"end":{"line":43,"column":9}},"8":{"start":{"line":16,"column":31},"end":{"line":16,"column":64}},"9":{"start":{"line":18,"column":32},"end":{"line":18,"column":73}},"10":{"start":{"line":19,"column":26},"end":{"line":19,"column":88}},"11":{"start":{"line":21,"column":12},"end":{"line":21,"column":36}},"12":{"start":{"line":23,"column":12},"end":{"line":32,"column":14}},"13":{"start":{"line":35,"column":12},"end":{"line":39,"column":13}},"14":{"start":{"line":42,"column":12},"end":{"line":42,"column":42}},"15":{"start":{"line":102,"column":8},"end":{"line":124,"column":9}},"16":{"start":{"line":103,"column":12},"end":{"line":114,"column":13}},"17":{"start":{"line":104,"column":29},"end":{"line":104,"column":73}},"18":{"start":{"line":105,"column":16},"end":{"line":110,"column":17}},"19":{"start":{"line":106,"column":20},"end":{"line":106,"column":77}},"20":{"start":{"line":107,"column":20},"end":{"line":109,"column":22}},"21":{"start":{"line":111,"column":16},"end":{"line":113,"column":18}},"22":{"start":{"line":115,"column":12},"end":{"line":117,"column":14}},"23":{"start":{"line":120,"column":12},"end":{"line":120,"column":26}},"24":{"start":{"line":121,"column":12},"end":{"line":123,"column":14}},"25":{"start":{"line":130,"column":0},"end":{"line":130,"column":32}}},"fnMap":{"0":{"name":"(anonymous_0)","decl":{"start":{"line":8,"column":14},"end":{"line":8,"column":15}},"loc":{"start":{"line":8,"column":45},"end":{"line":12,"column":5}},"line":8},"1":{"name":"(anonymous_1)","decl":{"start":{"line":14,"column":16},"end":{"line":14,"column":17}},"loc":{"start":{"line":14,"column":47},"end":{"line":44,"column":5}},"line":14},"2":{"name":"(anonymous_2)","decl":{"start":{"line":101,"column":20},"end":{"line":101,"column":21}},"loc":{"start":{"line":101,"column":52},"end":{"line":125,"column":5}},"line":101}},"branchMap":{"0":{"loc":{"start":{"line":25,"column":20},"end":{"line":25,"column":40}},"type":"binary-expr","locations":[{"start":{"line":25,"column":20},"end":{"line":25,"column":34}},{"start":{"line":25,"column":38},"end":{"line":25,"column":40}}],"line":25},"1":{"loc":{"start":{"line":28,"column":48},"end":{"line":28,"column":72}},"type":"binary-expr","locations":[{"start":{"line":28,"column":48},"end":{"line":28,"column":66}},{"start":{"line":28,"column":70},"end":{"line":28,"column":72}}],"line":28},"2":{"loc":{"start":{"line":28,"column":76},"end":{"line":28,"column":99}},"type":"binary-expr","locations":[{"start":{"line":28,"column":76},"end":{"line":28,"column":93}},{"start":{"line":28,"column":97},"end":{"line":28,"column":99}}],"line":28},"3":{"loc":{"start":{"line":103,"column":12},"end":{"line":114,"column":13}},"type":"if","locations":[{"start":{"line":103,"column":12},"end":{"line":114,"column":13}},{"start":{},"end":{}}],"line":103},"4":{"loc":{"start":{"line":105,"column":16},"end":{"line":110,"column":17}},"type":"if","locations":[{"start":{"line":105,"column":16},"end":{"line":110,"column":17}},{"start":{},"end":{}}],"line":105}},"s":{"0":1,"1":1,"2":1,"3":1,"4":1,"5":0,"6":0,"7":0,"8":0,"9":0,"10":0,"11":0,"12":0,"13":0,"14":0,"15":0,"16":0,"17":0,"18":0,"19":0,"20":0,"21":0,"22":0,"23":0,"24":0,"25":1},"f":{"0":0,"1":0,"2":0},"b":{"0":[0,0],"1":[0,0],"2":[0,0],"3":[0,0],"4":[0,0]},"_coverageSchema":"1a1c01bbd47fc00a2c39e90264f33305004495a9","hash":"f0364cf38497a1645c00f0e653421cb2a961ee90"}
,"C:\\Users\\Danuka\\Documents\\SEM5 - SE Project\\backend-api-auth\\controllers\\alertController.js": {"path":"C:\\Users\\Danuka\\Documents\\SEM5 - SE Project\\backend-api-auth\\controllers\\alertController.js","statementMap":{"0":{"start":{"line":1,"column":14},"end":{"line":1,"column":40}},"1":{"start":{"line":2,"column":16},"end":{"line":2,"column":44}},"2":{"start":{"line":3,"column":15},"end":{"line":3,"column":42}},"3":{"start":{"line":5,"column":24},"end":{"line":30,"column":1}},"4":{"start":{"line":7,"column":25},"end":{"line":7,"column":91}},"5":{"start":{"line":8,"column":8},"end":{"line":8,"column":39}},"6":{"start":{"line":11,"column":28},"end":{"line":11,"column":97}},"7":{"start":{"line":12,"column":8},"end":{"line":12,"column":42}},"8":{"start":{"line":15,"column":22},"end":{"line":15,"column":95}},"9":{"start":{"line":17,"column":8},"end":{"line":17,"column":36}},"10":{"start":{"line":21,"column":23},"end":{"line":21,"column":79}},"11":{"start":{"line":23,"column":8},"end":{"line":23,"column":37}},"12":{"start":{"line":27,"column":12},"end":{"line":27,"column":36}},"13":{"start":{"line":32,"column":0},"end":{"line":32,"column":32}}},"fnMap":{"0":{"name":"(anonymous_0)","decl":{"start":{"line":6,"column":14},"end":{"line":6,"column":15}},"loc":{"start":{"line":6,"column":45},"end":{"line":9,"column":5}},"line":6},"1":{"name":"(anonymous_1)","decl":{"start":{"line":10,"column":17},"end":{"line":10,"column":18}},"loc":{"start":{"line":10,"column":48},"end":{"line":13,"column":5}},"line":10},"2":{"name":"(anonymous_2)","decl":{"start":{"line":14,"column":21},"end":{"line":14,"column":22}},"loc":{"start":{"line":14,"column":52},"end":{"line":18,"column":5}},"line":14},"3":{"name":"(anonymous_3)","decl":{"start":{"line":19,"column":26},"end":{"line":19,"column":27}},"loc":{"start":{"line":19,"column":57},"end":{"line":24,"column":5}},"line":19},"4":{"name":"(anonymous_4)","decl":{"start":{"line":26,"column":18},"end":{"line":26,"column":19}},"loc":{"start":{"line":26,"column":31},"end":{"line":28,"column":9}},"line":26}},"branchMap":{},"s":{"0":1,"1":1,"2":1,"3":1,"4":0,"5":0,"6":0,"7":0,"8":0,"9":0,"10":0,"11":0,"12":0,"13":1},"f":{"0":0,"1":0,"2":0,"3":0,"4":0},"b":{},"_coverageSchema":"1a1c01bbd47fc00a2c39e90264f33305004495a9","hash":"dc2efb04d445d4d19f52eb8885675b2b42367302"}
,"C:\\Users\\Danuka\\Documents\\SEM5 - SE Project\\backend-api-auth\\controllers\\driver.js": {"path":"C:\\Users\\Danuka\\Documents\\SEM5 - SE Project\\backend-api-auth\\controllers\\driver.js","statementMap":{"0":{"start":{"line":1,"column":15},"end":{"line":1,"column":42}},"1":{"start":{"line":2,"column":13},"end":{"line":2,"column":38}},"2":{"start":{"line":3,"column":22},"end":{"line":3,"column":69}},"3":{"start":{"line":4,"column":78},"end":{"line":4,"column":111}},"4":{"start":{"line":6,"column":25},"end":{"line":199,"column":1}},"5":{"start":{"line":8,"column":8},"end":{"line":42,"column":9}},"6":{"start":{"line":9,"column":36},"end":{"line":9,"column":85}},"7":{"start":{"line":10,"column":32},"end":{"line":10,"column":73}},"8":{"start":{"line":11,"column":26},"end":{"line":11,"column":88}},"9":{"start":{"line":12,"column":12},"end":{"line":32,"column":13}},"10":{"start":{"line":13,"column":16},"end":{"line":28,"column":17}},"11":{"start":{"line":14,"column":20},"end":{"line":14,"column":76}},"12":{"start":{"line":15,"column":20},"end":{"line":24,"column":22}},"13":{"start":{"line":25,"column":20},"end":{"line":27,"column":22}},"14":{"start":{"line":29,"column":16},"end":{"line":31,"column":18}},"15":{"start":{"line":33,"column":12},"end":{"line":35,"column":14}},"16":{"start":{"line":39,"column":12},"end":{"line":41,"column":14}},"17":{"start":{"line":46,"column":8},"end":{"line":68,"column":9}},"18":{"start":{"line":47,"column":12},"end":{"line":58,"column":13}},"19":{"start":{"line":48,"column":29},"end":{"line":48,"column":73}},"20":{"start":{"line":49,"column":16},"end":{"line":54,"column":17}},"21":{"start":{"line":50,"column":20},"end":{"line":50,"column":78}},"22":{"start":{"line":51,"column":20},"end":{"line":53,"column":22}},"23":{"start":{"line":55,"column":16},"end":{"line":57,"column":18}},"24":{"start":{"line":59,"column":12},"end":{"line":61,"column":14}},"25":{"start":{"line":64,"column":12},"end":{"line":64,"column":26}},"26":{"start":{"line":65,"column":12},"end":{"line":67,"column":14}},"27":{"start":{"line":72,"column":8},"end":{"line":82,"column":9}},"28":{"start":{"line":73,"column":27},"end":{"line":73,"column":83}},"29":{"start":{"line":74,"column":12},"end":{"line":76,"column":14}},"30":{"start":{"line":79,"column":12},"end":{"line":81,"column":14}},"31":{"start":{"line":86,"column":8},"end":{"line":98,"column":9}},"32":{"start":{"line":87,"column":27},"end":{"line":87,"column":64}},"33":{"start":{"line":88,"column":12},"end":{"line":91,"column":14}},"34":{"start":{"line":94,"column":12},"end":{"line":97,"column":14}},"35":{"start":{"line":102,"column":8},"end":{"line":114,"column":9}},"36":{"start":{"line":103,"column":28},"end":{"line":103,"column":75}},"37":{"start":{"line":104,"column":12},"end":{"line":107,"column":14}},"38":{"start":{"line":110,"column":12},"end":{"line":113,"column":14}},"39":{"start":{"line":118,"column":8},"end":{"line":129,"column":9}},"40":{"start":{"line":119,"column":27},"end":{"line":119,"column":75}},"41":{"start":{"line":120,"column":12},"end":{"line":123,"column":14}},"42":{"start":{"line":126,"column":12},"end":{"line":128,"column":14}},"43":{"start":{"line":133,"column":8},"end":{"line":144,"column":9}},"44":{"start":{"line":134,"column":27},"end":{"line":134,"column":76}},"45":{"start":{"line":135,"column":12},"end":{"line":138,"column":14}},"46":{"start":{"line":141,"column":12},"end":{"line":143,"column":14}},"47":{"start":{"line":148,"column":8},"end":{"line":161,"column":9}},"48":{"start":{"line":149,"column":27},"end":{"line":149,"column":72}},"49":{"start":{"line":150,"column":12},"end":{"line":155,"column":13}},"50":{"start":{"line":151,"column":16},"end":{"line":154,"column":18}},"51":{"start":{"line":158,"column":12},"end":{"line":160,"column":14}},"52":{"start":{"line":165,"column":8},"end":{"line":177,"column":9}},"53":{"start":{"line":166,"column":27},"end":{"line":166,"column":91}},"54":{"start":{"line":168,"column":12},"end":{"line":171,"column":14}},"55":{"start":{"line":174,"column":12},"end":{"line":176,"column":14}},"56":{"start":{"line":181,"column":8},"end":{"line":193,"column":9}},"57":{"start":{"line":182,"column":12},"end":{"line":182,"column":53}},"58":{"start":{"line":183,"column":12},"end":{"line":186,"column":14}},"59":{"start":{"line":189,"column":12},"end":{"line":192,"column":14}},"60":{"start":{"line":201,"column":0},"end":{"line":201,"column":33}}},"fnMap":{"0":{"name":"(anonymous_0)","decl":{"start":{"line":7,"column":12},"end":{"line":7,"column":13}},"loc":{"start":{"line":7,"column":38},"end":{"line":43,"column":5}},"line":7},"1":{"name":"(anonymous_1)","decl":{"start":{"line":45,"column":20},"end":{"line":45,"column":21}},"loc":{"start":{"line":45,"column":52},"end":{"line":69,"column":5}},"line":45},"2":{"name":"(anonymous_2)","decl":{"start":{"line":71,"column":12},"end":{"line":71,"column":13}},"loc":{"start":{"line":71,"column":44},"end":{"line":83,"column":5}},"line":71},"3":{"name":"(anonymous_3)","decl":{"start":{"line":85,"column":15},"end":{"line":85,"column":16}},"loc":{"start":{"line":85,"column":47},"end":{"line":99,"column":5}},"line":85},"4":{"name":"(anonymous_4)","decl":{"start":{"line":101,"column":25},"end":{"line":101,"column":26}},"loc":{"start":{"line":101,"column":57},"end":{"line":115,"column":5}},"line":101},"5":{"name":"(anonymous_5)","decl":{"start":{"line":117,"column":16},"end":{"line":117,"column":17}},"loc":{"start":{"line":117,"column":48},"end":{"line":130,"column":5}},"line":117},"6":{"name":"(anonymous_6)","decl":{"start":{"line":132,"column":22},"end":{"line":132,"column":23}},"loc":{"start":{"line":132,"column":54},"end":{"line":145,"column":5}},"line":132},"7":{"name":"(anonymous_7)","decl":{"start":{"line":147,"column":14},"end":{"line":147,"column":15}},"loc":{"start":{"line":147,"column":46},"end":{"line":162,"column":5}},"line":147},"8":{"name":"(anonymous_8)","decl":{"start":{"line":164,"column":17},"end":{"line":164,"column":18}},"loc":{"start":{"line":164,"column":47},"end":{"line":178,"column":5}},"line":164},"9":{"name":"(anonymous_9)","decl":{"start":{"line":180,"column":19},"end":{"line":180,"column":20}},"loc":{"start":{"line":180,"column":51},"end":{"line":194,"column":5}},"line":180},"10":{"name":"(anonymous_10)","decl":{"start":{"line":196,"column":12},"end":{"line":196,"column":13}},"loc":{"start":{"line":196,"column":44},"end":{"line":197,"column":5}},"line":196}},"branchMap":{"0":{"loc":{"start":{"line":12,"column":12},"end":{"line":32,"column":13}},"type":"if","locations":[{"start":{"line":12,"column":12},"end":{"line":32,"column":13}},{"start":{},"end":{}}],"line":12},"1":{"loc":{"start":{"line":13,"column":16},"end":{"line":28,"column":17}},"type":"if","locations":[{"start":{"line":13,"column":16},"end":{"line":28,"column":17}},{"start":{},"end":{}}],"line":13},"2":{"loc":{"start":{"line":17,"column":28},"end":{"line":17,"column":48}},"type":"binary-expr","locations":[{"start":{"line":17,"column":28},"end":{"line":17,"column":42}},{"start":{"line":17,"column":46},"end":{"line":17,"column":48}}],"line":17},"3":{"loc":{"start":{"line":20,"column":56},"end":{"line":20,"column":80}},"type":"binary-expr","locations":[{"start":{"line":20,"column":56},"end":{"line":20,"column":74}},{"start":{"line":20,"column":78},"end":{"line":20,"column":80}}],"line":20},"4":{"loc":{"start":{"line":20,"column":84},"end":{"line":20,"column":107}},"type":"binary-expr","locations":[{"start":{"line":20,"column":84},"end":{"line":20,"column":101}},{"start":{"line":20,"column":105},"end":{"line":20,"column":107}}],"line":20},"5":{"loc":{"start":{"line":47,"column":12},"end":{"line":58,"column":13}},"type":"if","locations":[{"start":{"line":47,"column":12},"end":{"line":58,"column":13}},{"start":{},"end":{}}],"line":47},"6":{"loc":{"start":{"line":49,"column":16},"end":{"line":54,"column":17}},"type":"if","locations":[{"start":{"line":49,"column":16},"end":{"line":54,"column":17}},{"start":{},"end":{}}],"line":49},"7":{"loc":{"start":{"line":150,"column":12},"end":{"line":155,"column":13}},"type":"if","locations":[{"start":{"line":150,"column":12},"end":{"line":155,"column":13}},{"start":{},"end":{}}],"line":150}},"s":{"0":1,"1":1,"2":1,"3":1,"4":1,"5":0,"6":0,"7":0,"8":0,"9":0,"10":0,"11":0,"12":0,"13":0,"14":0,"15":0,"16":0,"17":0,"18":0,"19":0,"20":0,"21":0,"22":0,"23":0,"24":0,"25":0,"26":0,"27":0,"28":0,"29":0,"30":0,"31":0,"32":0,"33":0,"34":0,"35":0,"36":0,"37":0,"38":0,"39":0,"40":0,"41":0,"42":0,"43":0,"44":0,"45":0,"46":0,"47":0,"48":0,"49":0,"50":0,"51":0,"52":0,"53":0,"54":0,"55":0,"56":0,"57":0,"58":0,"59":0,"60":1},"f":{"0":0,"1":0,"2":0,"3":0,"4":0,"5":0,"6":0,"7":0,"8":0,"9":0,"10":0},"b":{"0":[0,0],"1":[0,0],"2":[0,0],"3":[0,0],"4":[0,0],"5":[0,0],"6":[0,0],"7":[0,0]},"_coverageSchema":"1a1c01bbd47fc00a2c39e90264f33305004495a9","hash":"6dba53cd82a1bdbc827dca705b8ab0bf56e8cd51"}
,"C:\\Users\\Danuka\\Documents\\SEM5 - SE Project\\backend-api-auth\\controllers\\product.js": {"path":"C:\\Users\\Danuka\\Documents\\SEM5 - SE Project\\backend-api-auth\\controllers\\product.js","statementMap":{"0":{"start":{"line":1,"column":16},"end":{"line":1,"column":44}},"1":{"start":{"line":2,"column":13},"end":{"line":2,"column":38}},"2":{"start":{"line":4,"column":26},"end":{"line":106,"column":1}},"3":{"start":{"line":6,"column":8},"end":{"line":18,"column":9}},"4":{"start":{"line":7,"column":28},"end":{"line":7,"column":92}},"5":{"start":{"line":8,"column":12},"end":{"line":11,"column":14}},"6":{"start":{"line":13,"column":12},"end":{"line":17,"column":18}},"7":{"start":{"line":21,"column":8},"end":{"line":30,"column":9}},"8":{"start":{"line":22,"column":25},"end":{"line":22,"column":91}},"9":{"start":{"line":23,"column":12},"end":{"line":26,"column":14}},"10":{"start":{"line":29,"column":12},"end":{"line":29,"column":75}},"11":{"start":{"line":33,"column":8},"end":{"line":43,"column":9}},"12":{"start":{"line":34,"column":25},"end":{"line":34,"column":67}},"13":{"start":{"line":35,"column":12},"end":{"line":37,"column":14}},"14":{"start":{"line":40,"column":12},"end":{"line":42,"column":14}},"15":{"start":{"line":47,"column":24},"end":{"line":47,"column":63}},"16":{"start":{"line":48,"column":8},"end":{"line":48,"column":45}},"17":{"start":{"line":52,"column":8},"end":{"line":64,"column":9}},"18":{"start":{"line":53,"column":25},"end":{"line":53,"column":81}},"19":{"start":{"line":54,"column":12},"end":{"line":57,"column":14}},"20":{"start":{"line":60,"column":12},"end":{"line":63,"column":14}},"21":{"start":{"line":69,"column":26},"end":{"line":69,"column":66}},"22":{"start":{"line":70,"column":8},"end":{"line":70,"column":49}},"23":{"start":{"line":74,"column":26},"end":{"line":74,"column":56}},"24":{"start":{"line":75,"column":8},"end":{"line":75,"column":49}},"25":{"start":{"line":80,"column":8},"end":{"line":86,"column":9}},"26":{"start":{"line":81,"column":29},"end":{"line":81,"column":85}},"27":{"start":{"line":82,"column":12},"end":{"line":82,"column":43}},"28":{"start":{"line":85,"column":12},"end":{"line":85,"column":40}},"29":{"start":{"line":90,"column":8},"end":{"line":97,"column":9}},"30":{"start":{"line":92,"column":29},"end":{"line":92,"column":89}},"31":{"start":{"line":93,"column":12},"end":{"line":93,"column":43}},"32":{"start":{"line":96,"column":12},"end":{"line":96,"column":40}},"33":{"start":{"line":100,"column":21},"end":{"line":100,"column":67}},"34":{"start":{"line":101,"column":26},"end":{"line":101,"column":79}},"35":{"start":{"line":102,"column":8},"end":{"line":102,"column":42}},"36":{"start":{"line":108,"column":0},"end":{"line":108,"column":34}}},"fnMap":{"0":{"name":"(anonymous_0)","decl":{"start":{"line":5,"column":12},"end":{"line":5,"column":13}},"loc":{"start":{"line":5,"column":44},"end":{"line":19,"column":5}},"line":5},"1":{"name":"(anonymous_1)","decl":{"start":{"line":20,"column":12},"end":{"line":20,"column":13}},"loc":{"start":{"line":20,"column":43},"end":{"line":31,"column":5}},"line":20},"2":{"name":"(anonymous_2)","decl":{"start":{"line":32,"column":13},"end":{"line":32,"column":14}},"loc":{"start":{"line":32,"column":44},"end":{"line":44,"column":5}},"line":32},"3":{"name":"(anonymous_3)","decl":{"start":{"line":46,"column":16},"end":{"line":46,"column":17}},"loc":{"start":{"line":46,"column":47},"end":{"line":49,"column":5}},"line":46},"4":{"name":"(anonymous_4)","decl":{"start":{"line":51,"column":19},"end":{"line":51,"column":20}},"loc":{"start":{"line":51,"column":50},"end":{"line":65,"column":5}},"line":51},"5":{"name":"(anonymous_5)","decl":{"start":{"line":67,"column":16},"end":{"line":67,"column":17}},"loc":{"start":{"line":67,"column":47},"end":{"line":71,"column":5}},"line":67},"6":{"name":"(anonymous_6)","decl":{"start":{"line":73,"column":20},"end":{"line":73,"column":21}},"loc":{"start":{"line":73,"column":51},"end":{"line":76,"column":5}},"line":73},"7":{"name":"(anonymous_7)","decl":{"start":{"line":78,"column":26},"end":{"line":78,"column":27}},"loc":{"start":{"line":78,"column":57},"end":{"line":87,"column":5}},"line":78},"8":{"name":"(anonymous_8)","decl":{"start":{"line":88,"column":30},"end":{"line":88,"column":31}},"loc":{"start":{"line":88,"column":61},"end":{"line":98,"column":5}},"line":88},"9":{"name":"(anonymous_9)","decl":{"start":{"line":99,"column":33},"end":{"line":99,"column":34}},"loc":{"start":{"line":99,"column":64},"end":{"line":103,"column":5}},"line":99}},"branchMap":{},"s":{"0":1,"1":1,"2":1,"3":0,"4":0,"5":0,"6":0,"7":0,"8":0,"9":0,"10":0,"11":0,"12":0,"13":0,"14":0,"15":0,"16":0,"17":0,"18":0,"19":0,"20":0,"21":0,"22":0,"23":0,"24":0,"25":0,"26":0,"27":0,"28":0,"29":0,"30":0,"31":0,"32":0,"33":0,"34":0,"35":0,"36":1},"f":{"0":0,"1":0,"2":0,"3":0,"4":0,"5":0,"6":0,"7":0,"8":0,"9":0},"b":{},"_coverageSchema":"1a1c01bbd47fc00a2c39e90264f33305004495a9","hash":"780b1ef4c9965deb07fb7ac4347118c13f506018"}
,"C:\\Users\\Danuka\\Documents\\SEM5 - SE Project\\backend-api-auth\\controllers\\purchaseController.js": {"path":"C:\\Users\\Danuka\\Documents\\SEM5 - SE Project\\backend-api-auth\\controllers\\purchaseController.js","statementMap":{"0":{"start":{"line":1,"column":17},"end":{"line":1,"column":46}},"1":{"start":{"line":2,"column":16},"end":{"line":2,"column":44}},"2":{"start":{"line":4,"column":27},"end":{"line":41,"column":1}},"3":{"start":{"line":7,"column":28},"end":{"line":7,"column":88}},"4":{"start":{"line":8,"column":8},"end":{"line":8,"column":46}},"5":{"start":{"line":12,"column":25},"end":{"line":12,"column":75}},"6":{"start":{"line":13,"column":8},"end":{"line":13,"column":39}},"7":{"start":{"line":17,"column":26},"end":{"line":17,"column":88}},"8":{"start":{"line":18,"column":8},"end":{"line":18,"column":40}},"9":{"start":{"line":24,"column":23},"end":{"line":24,"column":102}},"10":{"start":{"line":25,"column":24},"end":{"line":25,"column":79}},"11":{"start":{"line":26,"column":8},"end":{"line":26,"column":37}},"12":{"start":{"line":32,"column":25},"end":{"line":32,"column":94}},"13":{"start":{"line":33,"column":8},"end":{"line":33,"column":39}},"14":{"start":{"line":36,"column":8},"end":{"line":36,"column":51}},"15":{"start":{"line":37,"column":8},"end":{"line":37,"column":25}},"16":{"start":{"line":38,"column":8},"end":{"line":38,"column":30}},"17":{"start":{"line":43,"column":0},"end":{"line":43,"column":36}}},"fnMap":{"0":{"name":"(anonymous_0)","decl":{"start":{"line":5,"column":20},"end":{"line":5,"column":21}},"loc":{"start":{"line":5,"column":52},"end":{"line":9,"column":5}},"line":5},"1":{"name":"(anonymous_1)","decl":{"start":{"line":10,"column":17},"end":{"line":10,"column":18}},"loc":{"start":{"line":10,"column":48},"end":{"line":14,"column":5}},"line":10},"2":{"name":"(anonymous_2)","decl":{"start":{"line":15,"column":29},"end":{"line":15,"column":30}},"loc":{"start":{"line":15,"column":60},"end":{"line":19,"column":5}},"line":15},"3":{"name":"(anonymous_3)","decl":{"start":{"line":20,"column":15},"end":{"line":20,"column":16}},"loc":{"start":{"line":20,"column":46},"end":{"line":27,"column":5}},"line":20},"4":{"name":"(anonymous_4)","decl":{"start":{"line":28,"column":17},"end":{"line":28,"column":18}},"loc":{"start":{"line":28,"column":48},"end":{"line":34,"column":5}},"line":28},"5":{"name":"(anonymous_5)","decl":{"start":{"line":35,"column":12},"end":{"line":35,"column":13}},"loc":{"start":{"line":35,"column":43},"end":{"line":39,"column":5}},"line":35}},"branchMap":{},"s":{"0":1,"1":1,"2":1,"3":0,"4":0,"5":0,"6":0,"7":0,"8":0,"9":0,"10":0,"11":0,"12":0,"13":0,"14":0,"15":0,"16":0,"17":1},"f":{"0":0,"1":0,"2":0,"3":0,"4":0,"5":0},"b":{},"_coverageSchema":"1a1c01bbd47fc00a2c39e90264f33305004495a9","hash":"e4d25f7af95e5c0b087a824674b6e304c6a86812"}
,"C:\\Users\\Danuka\\Documents\\SEM5 - SE Project\\backend-api-auth\\controllers\\stockController.js": {"path":"C:\\Users\\Danuka\\Documents\\SEM5 - SE Project\\backend-api-auth\\controllers\\stockController.js","statementMap":{"0":{"start":{"line":1,"column":14},"end":{"line":1,"column":40}},"1":{"start":{"line":3,"column":24},"end":{"line":69,"column":1}},"2":{"start":{"line":5,"column":8},"end":{"line":18,"column":9}},"3":{"start":{"line":6,"column":27},"end":{"line":6,"column":55}},"4":{"start":{"line":7,"column":12},"end":{"line":10,"column":14}},"5":{"start":{"line":13,"column":12},"end":{"line":13,"column":26}},"6":{"start":{"line":14,"column":12},"end":{"line":17,"column":14}},"7":{"start":{"line":21,"column":8},"end":{"line":34,"column":9}},"8":{"start":{"line":22,"column":27},"end":{"line":22,"column":55}},"9":{"start":{"line":23,"column":12},"end":{"line":26,"column":14}},"10":{"start":{"line":29,"column":12},"end":{"line":29,"column":26}},"11":{"start":{"line":30,"column":12},"end":{"line":33,"column":14}},"12":{"start":{"line":37,"column":8},"end":{"line":49,"column":9}},"13":{"start":{"line":38,"column":27},"end":{"line":38,"column":57}},"14":{"start":{"line":39,"column":12},"end":{"line":42,"column":14}},"15":{"start":{"line":45,"column":12},"end":{"line":48,"column":14}},"16":{"start":{"line":52,"column":8},"end":{"line":67,"column":9}},"17":{"start":{"line":53,"column":12},"end":{"line":53,"column":31}},"18":{"start":{"line":54,"column":12},"end":{"line":54,"column":38}},"19":{"start":{"line":55,"column":26},"end":{"line":55,"column":66}},"20":{"start":{"line":56,"column":12},"end":{"line":56,"column":30}},"21":{"start":{"line":57,"column":12},"end":{"line":60,"column":14}},"22":{"start":{"line":63,"column":12},"end":{"line":66,"column":14}},"23":{"start":{"line":71,"column":0},"end":{"line":71,"column":32}}},"fnMap":{"0":{"name":"(anonymous_0)","decl":{"start":{"line":4,"column":12},"end":{"line":4,"column":13}},"loc":{"start":{"line":4,"column":38},"end":{"line":19,"column":5}},"line":4},"1":{"name":"(anonymous_1)","decl":{"start":{"line":20,"column":12},"end":{"line":20,"column":13}},"loc":{"start":{"line":20,"column":38},"end":{"line":35,"column":5}},"line":20},"2":{"name":"(anonymous_2)","decl":{"start":{"line":36,"column":9},"end":{"line":36,"column":10}},"loc":{"start":{"line":36,"column":35},"end":{"line":50,"column":5}},"line":36},"3":{"name":"(anonymous_3)","decl":{"start":{"line":51,"column":19},"end":{"line":51,"column":20}},"loc":{"start":{"line":51,"column":45},"end":{"line":68,"column":5}},"line":51}},"branchMap":{},"s":{"0":1,"1":1,"2":0,"3":0,"4":0,"5":0,"6":0,"7":0,"8":0,"9":0,"10":0,"11":0,"12":0,"13":0,"14":0,"15":0,"16":0,"17":0,"18":0,"19":0,"20":0,"21":0,"22":0,"23":1},"f":{"0":0,"1":0,"2":0,"3":0},"b":{},"_coverageSchema":"1a1c01bbd47fc00a2c39e90264f33305004495a9","hash":"4f64b9fbbac9fd7764181e5b968804f13dfdba97"}
,"C:\\Users\\Danuka\\Documents\\SEM5 - SE Project\\backend-api-auth\\controllers\\user.js": {"path":"C:\\Users\\Danuka\\Documents\\SEM5 - SE Project\\backend-api-auth\\controllers\\user.js","statementMap":{"0":{"start":{"line":1,"column":13},"end":{"line":1,"column":38}},"1":{"start":{"line":2,"column":22},"end":{"line":2,"column":69}},"2":{"start":{"line":3,"column":69},"end":{"line":3,"column":102}},"3":{"start":{"line":4,"column":15},"end":{"line":4,"column":32}},"4":{"start":{"line":5,"column":21},"end":{"line":5,"column":39}},"5":{"start":{"line":7,"column":0},"end":{"line":84,"column":1}},"6":{"start":{"line":9,"column":8},"end":{"line":30,"column":9}},"7":{"start":{"line":10,"column":25},"end":{"line":10,"column":66}},"8":{"start":{"line":11,"column":12},"end":{"line":24,"column":13}},"9":{"start":{"line":12,"column":30},"end":{"line":12,"column":82}},"10":{"start":{"line":13,"column":16},"end":{"line":20,"column":18}},"11":{"start":{"line":21,"column":16},"end":{"line":23,"column":18}},"12":{"start":{"line":27,"column":12},"end":{"line":29,"column":14}},"13":{"start":{"line":33,"column":8},"end":{"line":49,"column":9}},"14":{"start":{"line":34,"column":25},"end":{"line":34,"column":71}},"15":{"start":{"line":35,"column":12},"end":{"line":42,"column":13}},"16":{"start":{"line":36,"column":29},"end":{"line":36,"column":53}},"17":{"start":{"line":37,"column":37},"end":{"line":37,"column":79}},"18":{"start":{"line":38,"column":16},"end":{"line":38,"column":68}},"19":{"start":{"line":39,"column":16},"end":{"line":41,"column":18}},"20":{"start":{"line":45,"column":12},"end":{"line":45,"column":26}},"21":{"start":{"line":46,"column":12},"end":{"line":48,"column":14}},"22":{"start":{"line":52,"column":8},"end":{"line":82,"column":9}},"23":{"start":{"line":53,"column":25},"end":{"line":53,"column":70}},"24":{"start":{"line":54,"column":12},"end":{"line":71,"column":13}},"25":{"start":{"line":55,"column":32},"end":{"line":55,"column":96}},"26":{"start":{"line":56,"column":16},"end":{"line":66,"column":17}},"27":{"start":{"line":57,"column":33},"end":{"line":57,"column":57}},"28":{"start":{"line":58,"column":41},"end":{"line":58,"column":86}},"29":{"start":{"line":59,"column":35},"end":{"line":59,"column":95}},"30":{"start":{"line":60,"column":20},"end":{"line":65,"column":21}},"31":{"start":{"line":61,"column":24},"end":{"line":64,"column":26}},"32":{"start":{"line":67,"column":16},"end":{"line":70,"column":18}},"33":{"start":{"line":72,"column":12},"end":{"line":75,"column":14}},"34":{"start":{"line":78,"column":12},"end":{"line":81,"column":14}}},"fnMap":{"0":{"name":"(anonymous_0)","decl":{"start":{"line":8,"column":19},"end":{"line":8,"column":20}},"loc":{"start":{"line":8,"column":45},"end":{"line":31,"column":5}},"line":8},"1":{"name":"(anonymous_1)","decl":{"start":{"line":32,"column":20},"end":{"line":32,"column":21}},"loc":{"start":{"line":32,"column":46},"end":{"line":50,"column":5}},"line":32},"2":{"name":"(anonymous_2)","decl":{"start":{"line":51,"column":20},"end":{"line":51,"column":21}},"loc":{"start":{"line":51,"column":46},"end":{"line":83,"column":5}},"line":51}},"branchMap":{"0":{"loc":{"start":{"line":11,"column":12},"end":{"line":24,"column":13}},"type":"if","locations":[{"start":{"line":11,"column":12},"end":{"line":24,"column":13}},{"start":{},"end":{}}],"line":11},"1":{"loc":{"start":{"line":15,"column":24},"end":{"line":15,"column":44}},"type":"binary-expr","locations":[{"start":{"line":15,"column":24},"end":{"line":15,"column":38}},{"start":{"line":15,"column":42},"end":{"line":15,"column":44}}],"line":15},"2":{"loc":{"start":{"line":35,"column":12},"end":{"line":42,"column":13}},"type":"if","locations":[{"start":{"line":35,"column":12},"end":{"line":42,"column":13}},{"start":{},"end":{}}],"line":35},"3":{"loc":{"start":{"line":54,"column":12},"end":{"line":71,"column":13}},"type":"if","locations":[{"start":{"line":54,"column":12},"end":{"line":71,"column":13}},{"start":{},"end":{}}],"line":54},"4":{"loc":{"start":{"line":56,"column":16},"end":{"line":66,"column":17}},"type":"if","locations":[{"start":{"line":56,"column":16},"end":{"line":66,"column":17}},{"start":{},"end":{}}],"line":56},"5":{"loc":{"start":{"line":60,"column":20},"end":{"line":65,"column":21}},"type":"if","locations":[{"start":{"line":60,"column":20},"end":{"line":65,"column":21}},{"start":{},"end":{}}],"line":60},"6":{"loc":{"start":{"line":60,"column":23},"end":{"line":60,"column":49}},"type":"binary-expr","locations":[{"start":{"line":60,"column":23},"end":{"line":60,"column":29}},{"start":{"line":60,"column":33},"end":{"line":60,"column":49}}],"line":60}},"s":{"0":1,"1":1,"2":1,"3":1,"4":1,"5":1,"6":0,"7":0,"8":0,"9":0,"10":0,"11":0,"12":0,"13":0,"14":0,"15":0,"16":0,"17":0,"18":0,"19":0,"20":0,"21":0,"22":0,"23":0,"24":0,"25":0,"26":0,"27":0,"28":0,"29":0,"30":0,"31":0,"32":0,"33":0,"34":0},"f":{"0":0,"1":0,"2":0},"b":{"0":[0,0],"1":[0,0],"2":[0,0],"3":[0,0],"4":[0,0],"5":[0,0],"6":[0,0]},"_coverageSchema":"1a1c01bbd47fc00a2c39e90264f33305004495a9","hash":"84fe8747093deaa36bf27df18015bfca744b4a29"}
,"C:\\Users\\Danuka\\Documents\\SEM5 - SE Project\\backend-api-auth\\controllers\\vehicle.js": {"path":"C:\\Users\\Danuka\\Documents\\SEM5 - SE Project\\backend-api-auth\\controllers\\vehicle.js","statementMap":{"0":{"start":{"line":1,"column":16},"end":{"line":1,"column":44}},"1":{"start":{"line":3,"column":26},"end":{"line":128,"column":1}},"2":{"start":{"line":5,"column":8},"end":{"line":14,"column":9}},"3":{"start":{"line":6,"column":32},"end":{"line":6,"column":98}},"4":{"start":{"line":7,"column":12},"end":{"line":10,"column":14}},"5":{"start":{"line":12,"column":12},"end":{"line":12,"column":26}},"6":{"start":{"line":13,"column":12},"end":{"line":13,"column":75}},"7":{"start":{"line":17,"column":8},"end":{"line":29,"column":9}},"8":{"start":{"line":18,"column":28},"end":{"line":18,"column":85}},"9":{"start":{"line":19,"column":12},"end":{"line":22,"column":14}},"10":{"start":{"line":25,"column":12},"end":{"line":28,"column":14}},"11":{"start":{"line":32,"column":8},"end":{"line":44,"column":9}},"12":{"start":{"line":33,"column":25},"end":{"line":33,"column":91}},"13":{"start":{"line":34,"column":12},"end":{"line":37,"column":14}},"14":{"start":{"line":40,"column":12},"end":{"line":43,"column":14}},"15":{"start":{"line":47,"column":8},"end":{"line":59,"column":9}},"16":{"start":{"line":48,"column":25},"end":{"line":48,"column":67}},"17":{"start":{"line":49,"column":12},"end":{"line":52,"column":14}},"18":{"start":{"line":55,"column":12},"end":{"line":58,"column":14}},"19":{"start":{"line":63,"column":8},"end":{"line":75,"column":9}},"20":{"start":{"line":64,"column":25},"end":{"line":64,"column":57}},"21":{"start":{"line":65,"column":12},"end":{"line":68,"column":14}},"22":{"start":{"line":71,"column":12},"end":{"line":74,"column":14}},"23":{"start":{"line":79,"column":8},"end":{"line":91,"column":9}},"24":{"start":{"line":80,"column":25},"end":{"line":80,"column":81}},"25":{"start":{"line":81,"column":12},"end":{"line":84,"column":14}},"26":{"start":{"line":87,"column":12},"end":{"line":90,"column":14}},"27":{"start":{"line":130,"column":0},"end":{"line":130,"column":34}}},"fnMap":{"0":{"name":"(anonymous_0)","decl":{"start":{"line":4,"column":12},"end":{"line":4,"column":13}},"loc":{"start":{"line":4,"column":44},"end":{"line":15,"column":5}},"line":4},"1":{"name":"(anonymous_1)","decl":{"start":{"line":16,"column":18},"end":{"line":16,"column":19}},"loc":{"start":{"line":16,"column":49},"end":{"line":30,"column":5}},"line":16},"2":{"name":"(anonymous_2)","decl":{"start":{"line":31,"column":12},"end":{"line":31,"column":13}},"loc":{"start":{"line":31,"column":43},"end":{"line":45,"column":5}},"line":31},"3":{"name":"(anonymous_3)","decl":{"start":{"line":46,"column":13},"end":{"line":46,"column":14}},"loc":{"start":{"line":46,"column":44},"end":{"line":60,"column":5}},"line":46},"4":{"name":"(anonymous_4)","decl":{"start":{"line":62,"column":9},"end":{"line":62,"column":10}},"loc":{"start":{"line":62,"column":40},"end":{"line":76,"column":5}},"line":62},"5":{"name":"(anonymous_5)","decl":{"start":{"line":78,"column":12},"end":{"line":78,"column":13}},"loc":{"start":{"line":78,"column":43},"end":{"line":92,"column":5}},"line":78}},"branchMap":{},"s":{"0":1,"1":1,"2":0,"3":0,"4":0,"5":0,"6":0,"7":0,"8":0,"9":0,"10":0,"11":0,"12":0,"13":0,"14":0,"15":0,"16":0,"17":0,"18":0,"19":0,"20":0,"21":0,"22":0,"23":0,"24":0,"25":0,"26":0,"27":1},"f":{"0":0,"1":0,"2":0,"3":0,"4":0,"5":0},"b":{},"_coverageSchema":"1a1c01bbd47fc00a2c39e90264f33305004495a9","hash":"50f6d0418fcfd5f90ae9c82f2d4f805acab8d228"}
,"C:\\Users\\Danuka\\Documents\\SEM5 - SE Project\\backend-api-auth\\controllers\\vendor.js": {"path":"C:\\Users\\Danuka\\Documents\\SEM5 - SE Project\\backend-api-auth\\controllers\\vendor.js","statementMap":{"0":{"start":{"line":1,"column":15},"end":{"line":1,"column":42}},"1":{"start":{"line":2,"column":16},"end":{"line":2,"column":44}},"2":{"start":{"line":3,"column":19},"end":{"line":3,"column":52}},"3":{"start":{"line":4,"column":22},"end":{"line":4,"column":69}},"4":{"start":{"line":5,"column":78},"end":{"line":5,"column":111}},"5":{"start":{"line":7,"column":25},"end":{"line":97,"column":1}},"6":{"start":{"line":9,"column":8},"end":{"line":35,"column":9}},"7":{"start":{"line":10,"column":26},"end":{"line":10,"column":61}},"8":{"start":{"line":11,"column":29},"end":{"line":11,"column":93}},"9":{"start":{"line":12,"column":26},"end":{"line":12,"column":88}},"10":{"start":{"line":14,"column":12},"end":{"line":14,"column":31}},"11":{"start":{"line":15,"column":12},"end":{"line":24,"column":14}},"12":{"start":{"line":26,"column":12},"end":{"line":30,"column":13}},"13":{"start":{"line":33,"column":12},"end":{"line":33,"column":26}},"14":{"start":{"line":34,"column":12},"end":{"line":34,"column":42}},"15":{"start":{"line":38,"column":8},"end":{"line":38,"column":31}},"16":{"start":{"line":39,"column":23},"end":{"line":39,"column":60}},"17":{"start":{"line":40,"column":8},"end":{"line":40,"column":44}},"18":{"start":{"line":44,"column":25},"end":{"line":44,"column":50}},"19":{"start":{"line":45,"column":8},"end":{"line":45,"column":48}},"20":{"start":{"line":49,"column":8},"end":{"line":49,"column":34}},"21":{"start":{"line":50,"column":8},"end":{"line":50,"column":31}},"22":{"start":{"line":51,"column":28},"end":{"line":51,"column":64}},"23":{"start":{"line":52,"column":8},"end":{"line":52,"column":40}},"24":{"start":{"line":53,"column":8},"end":{"line":74,"column":9}},"25":{"start":{"line":54,"column":12},"end":{"line":54,"column":52}},"26":{"start":{"line":55,"column":12},"end":{"line":63,"column":14}},"27":{"start":{"line":65,"column":12},"end":{"line":69,"column":13}},"28":{"start":{"line":72,"column":12},"end":{"line":72,"column":26}},"29":{"start":{"line":73,"column":12},"end":{"line":73,"column":31}},"30":{"start":{"line":78,"column":8},"end":{"line":78,"column":32}},"31":{"start":{"line":79,"column":22},"end":{"line":79,"column":59}},"32":{"start":{"line":81,"column":23},"end":{"line":88,"column":9}},"33":{"start":{"line":89,"column":8},"end":{"line":89,"column":37}},"34":{"start":{"line":92,"column":8},"end":{"line":92,"column":32}},"35":{"start":{"line":93,"column":24},"end":{"line":93,"column":49}},"36":{"start":{"line":94,"column":8},"end":{"line":94,"column":38}},"37":{"start":{"line":98,"column":0},"end":{"line":98,"column":33}}},"fnMap":{"0":{"name":"(anonymous_0)","decl":{"start":{"line":8,"column":17},"end":{"line":8,"column":18}},"loc":{"start":{"line":8,"column":48},"end":{"line":36,"column":5}},"line":8},"1":{"name":"(anonymous_1)","decl":{"start":{"line":37,"column":15},"end":{"line":37,"column":16}},"loc":{"start":{"line":37,"column":46},"end":{"line":41,"column":5}},"line":37},"2":{"name":"(anonymous_2)","decl":{"start":{"line":43,"column":15},"end":{"line":43,"column":16}},"loc":{"start":{"line":43,"column":46},"end":{"line":46,"column":5}},"line":43},"3":{"name":"(anonymous_3)","decl":{"start":{"line":48,"column":17},"end":{"line":48,"column":18}},"loc":{"start":{"line":48,"column":48},"end":{"line":76,"column":5}},"line":48},"4":{"name":"(anonymous_4)","decl":{"start":{"line":77,"column":32},"end":{"line":77,"column":33}},"loc":{"start":{"line":77,"column":63},"end":{"line":90,"column":5}},"line":77},"5":{"name":"(anonymous_5)","decl":{"start":{"line":91,"column":29},"end":{"line":91,"column":30}},"loc":{"start":{"line":91,"column":60},"end":{"line":95,"column":5}},"line":91}},"branchMap":{"0":{"loc":{"start":{"line":11,"column":50},"end":{"line":11,"column":80}},"type":"binary-expr","locations":[{"start":{"line":11,"column":50},"end":{"line":11,"column":74}},{"start":{"line":11,"column":78},"end":{"line":11,"column":80}}],"line":11},"1":{"loc":{"start":{"line":17,"column":20},"end":{"line":17,"column":40}},"type":"binary-expr","locations":[{"start":{"line":17,"column":20},"end":{"line":17,"column":34}},{"start":{"line":17,"column":38},"end":{"line":17,"column":40}}],"line":17},"2":{"loc":{"start":{"line":20,"column":48},"end":{"line":20,"column":72}},"type":"binary-expr","locations":[{"start":{"line":20,"column":48},"end":{"line":20,"column":66}},{"start":{"line":20,"column":70},"end":{"line":20,"column":72}}],"line":20},"3":{"loc":{"start":{"line":20,"column":76},"end":{"line":20,"column":99}},"type":"binary-expr","locations":[{"start":{"line":20,"column":76},"end":{"line":20,"column":93}},{"start":{"line":20,"column":97},"end":{"line":20,"column":99}}],"line":20},"4":{"loc":{"start":{"line":57,"column":20},"end":{"line":57,"column":45}},"type":"binary-expr","locations":[{"start":{"line":57,"column":20},"end":{"line":57,"column":39}},{"start":{"line":57,"column":43},"end":{"line":57,"column":45}}],"line":57},"5":{"loc":{"start":{"line":60,"column":48},"end":{"line":60,"column":72}},"type":"binary-expr","locations":[{"start":{"line":60,"column":48},"end":{"line":60,"column":66}},{"start":{"line":60,"column":70},"end":{"line":60,"column":72}}],"line":60},"6":{"loc":{"start":{"line":60,"column":76},"end":{"line":60,"column":99}},"type":"binary-expr","locations":[{"start":{"line":60,"column":76},"end":{"line":60,"column":93}},{"start":{"line":60,"column":97},"end":{"line":60,"column":99}}],"line":60},"7":{"loc":{"start":{"line":82,"column":23},"end":{"line":82,"column":62}},"type":"binary-expr","locations":[{"start":{"line":82,"column":23},"end":{"line":82,"column":32}},{"start":{"line":82,"column":36},"end":{"line":82,"column":62}}],"line":82},"8":{"loc":{"start":{"line":83,"column":25},"end":{"line":83,"column":64}},"type":"binary-expr","locations":[{"start":{"line":83,"column":25},"end":{"line":83,"column":46}},{"start":{"line":83,"column":50},"end":{"line":83,"column":64}}],"line":83},"9":{"loc":{"start":{"line":84,"column":32},"end":{"line":84,"column":205}},"type":"binary-expr","locations":[{"start":{"line":84,"column":32},"end":{"line":84,"column":63}},{"start":{"line":84,"column":67},"end":{"line":84,"column":205}}],"line":84},"10":{"loc":{"start":{"line":85,"column":22},"end":{"line":85,"column":90}},"type":"binary-expr","locations":[{"start":{"line":85,"column":22},"end":{"line":85,"column":43}},{"start":{"line":85,"column":47},"end":{"line":85,"column":90}}],"line":85},"11":{"loc":{"start":{"line":86,"column":20},"end":{"line":86,"column":44}},"type":"binary-expr","locations":[{"start":{"line":86,"column":20},"end":{"line":86,"column":39}},{"start":{"line":86,"column":43},"end":{"line":86,"column":44}}],"line":86},"12":{"loc":{"start":{"line":87,"column":25},"end":{"line":87,"column":53}},"type":"binary-expr","locations":[{"start":{"line":87,"column":25},"end":{"line":87,"column":48}},{"start":{"line":87,"column":52},"end":{"line":87,"column":53}}],"line":87}},"s":{"0":1,"1":1,"2":1,"3":1,"4":1,"5":1,"6":0,"7":0,"8":0,"9":0,"10":0,"11":0,"12":0,"13":0,"14":0,"15":0,"16":0,"17":0,"18":0,"19":0,"20":0,"21":0,"22":0,"23":0,"24":0,"25":0,"26":0,"27":0,"28":0,"29":0,"30":0,"31":0,"32":0,"33":0,"34":0,"35":0,"36":0,"37":1},"f":{"0":0,"1":0,"2":0,"3":0,"4":0,"5":0},"b":{"0":[0,0],"1":[0,0],"2":[0,0],"3":[0,0],"4":[0,0],"5":[0,0],"6":[0,0],"7":[0,0],"8":[0,0],"9":[0,0],"10":[0,0],"11":[0,0],"12":[0,0]},"_coverageSchema":"1a1c01bbd47fc00a2c39e90264f33305004495a9","hash":"69fd2f0551bfc41fc57833451e420a8198edc02a"}
,"C:\\Users\\Danuka\\Documents\\SEM5 - SE Project\\backend-api-auth\\controllers\\vendorRequests.js": {"path":"C:\\Users\\Danuka\\Documents\\SEM5 - SE Project\\backend-api-auth\\controllers\\vendorRequests.js","statementMap":{"0":{"start":{"line":1,"column":22},"end":{"line":1,"column":56}},"1":{"start":{"line":2,"column":22},"end":{"line":2,"column":69}},"2":{"start":{"line":3,"column":78},"end":{"line":3,"column":111}},"3":{"start":{"line":5,"column":32},"end":{"line":155,"column":1}},"4":{"start":{"line":8,"column":8},"end":{"line":20,"column":9}},"5":{"start":{"line":9,"column":34},"end":{"line":9,"column":71}},"6":{"start":{"line":10,"column":12},"end":{"line":10,"column":38}},"7":{"start":{"line":11,"column":12},"end":{"line":15,"column":13}},"8":{"start":{"line":18,"column":12},"end":{"line":18,"column":26}},"9":{"start":{"line":19,"column":12},"end":{"line":19,"column":42}},"10":{"start":{"line":24,"column":8},"end":{"line":33,"column":9}},"11":{"start":{"line":25,"column":27},"end":{"line":25,"column":70}},"12":{"start":{"line":26,"column":12},"end":{"line":26,"column":31}},"13":{"start":{"line":27,"column":12},"end":{"line":29,"column":14}},"14":{"start":{"line":32,"column":12},"end":{"line":32,"column":77}},"15":{"start":{"line":37,"column":22},"end":{"line":37,"column":35}},"16":{"start":{"line":38,"column":24},"end":{"line":38,"column":59}},"17":{"start":{"line":39,"column":8},"end":{"line":51,"column":9}},"18":{"start":{"line":40,"column":34},"end":{"line":40,"column":78}},"19":{"start":{"line":41,"column":12},"end":{"line":44,"column":14}},"20":{"start":{"line":47,"column":12},"end":{"line":50,"column":14}},"21":{"start":{"line":56,"column":8},"end":{"line":56,"column":31}},"22":{"start":{"line":57,"column":24},"end":{"line":57,"column":69}},"23":{"start":{"line":58,"column":8},"end":{"line":58,"column":47}},"24":{"start":{"line":62,"column":22},"end":{"line":62,"column":36}},"25":{"start":{"line":63,"column":8},"end":{"line":93,"column":9}},"26":{"start":{"line":64,"column":34},"end":{"line":64,"column":78}},"27":{"start":{"line":65,"column":12},"end":{"line":82,"column":13}},"28":{"start":{"line":66,"column":30},"end":{"line":66,"column":81}},"29":{"start":{"line":67,"column":16},"end":{"line":75,"column":18}},"30":{"start":{"line":76,"column":16},"end":{"line":81,"column":17}},"31":{"start":{"line":83,"column":12},"end":{"line":88,"column":13}},"32":{"start":{"line":91,"column":12},"end":{"line":91,"column":26}},"33":{"start":{"line":92,"column":12},"end":{"line":92,"column":42}},"34":{"start":{"line":97,"column":25},"end":{"line":97,"column":58}},"35":{"start":{"line":98,"column":8},"end":{"line":98,"column":48}},"36":{"start":{"line":104,"column":8},"end":{"line":104,"column":50}},"37":{"start":{"line":106,"column":8},"end":{"line":118,"column":9}},"38":{"start":{"line":107,"column":27},"end":{"line":107,"column":68}},"39":{"start":{"line":109,"column":12},"end":{"line":113,"column":13}},"40":{"start":{"line":116,"column":12},"end":{"line":116,"column":26}},"41":{"start":{"line":117,"column":12},"end":{"line":117,"column":31}},"42":{"start":{"line":124,"column":8},"end":{"line":124,"column":50}},"43":{"start":{"line":126,"column":28},"end":{"line":126,"column":71}},"44":{"start":{"line":127,"column":8},"end":{"line":127,"column":59}},"45":{"start":{"line":128,"column":8},"end":{"line":151,"column":9}},"46":{"start":{"line":129,"column":12},"end":{"line":129,"column":60}},"47":{"start":{"line":130,"column":12},"end":{"line":138,"column":14}},"48":{"start":{"line":142,"column":12},"end":{"line":146,"column":13}},"49":{"start":{"line":149,"column":12},"end":{"line":149,"column":26}},"50":{"start":{"line":150,"column":12},"end":{"line":150,"column":31}},"51":{"start":{"line":157,"column":0},"end":{"line":157,"column":40}}},"fnMap":{"0":{"name":"(anonymous_0)","decl":{"start":{"line":7,"column":12},"end":{"line":7,"column":13}},"loc":{"start":{"line":7,"column":44},"end":{"line":21,"column":5}},"line":7},"1":{"name":"(anonymous_1)","decl":{"start":{"line":23,"column":12},"end":{"line":23,"column":13}},"loc":{"start":{"line":23,"column":43},"end":{"line":34,"column":5}},"line":23},"2":{"name":"(anonymous_2)","decl":{"start":{"line":36,"column":26},"end":{"line":36,"column":27}},"loc":{"start":{"line":36,"column":58},"end":{"line":53,"column":5}},"line":36},"3":{"name":"(anonymous_3)","decl":{"start":{"line":55,"column":16},"end":{"line":55,"column":17}},"loc":{"start":{"line":55,"column":48},"end":{"line":59,"column":5}},"line":55},"4":{"name":"(anonymous_4)","decl":{"start":{"line":61,"column":36},"end":{"line":61,"column":37}},"loc":{"start":{"line":61,"column":68},"end":{"line":94,"column":5}},"line":61},"5":{"name":"(anonymous_5)","decl":{"start":{"line":96,"column":17},"end":{"line":96,"column":18}},"loc":{"start":{"line":96,"column":49},"end":{"line":99,"column":5}},"line":96},"6":{"name":"(anonymous_6)","decl":{"start":{"line":103,"column":17},"end":{"line":103,"column":18}},"loc":{"start":{"line":103,"column":48},"end":{"line":120,"column":5}},"line":103},"7":{"name":"(anonymous_7)","decl":{"start":{"line":123,"column":18},"end":{"line":123,"column":19}},"loc":{"start":{"line":123,"column":49},"end":{"line":153,"column":5}},"line":123}},"branchMap":{"0":{"loc":{"start":{"line":65,"column":12},"end":{"line":82,"column":13}},"type":"if","locations":[{"start":{"line":65,"column":12},"end":{"line":82,"column":13}},{"start":{},"end":{}}],"line":65},"1":{"loc":{"start":{"line":69,"column":24},"end":{"line":69,"column":35}},"type":"binary-expr","locations":[{"start":{"line":69,"column":24},"end":{"line":69,"column":29}},{"start":{"line":69,"column":33},"end":{"line":69,"column":35}}],"line":69},"2":{"loc":{"start":{"line":132,"column":20},"end":{"line":132,"column":45}},"type":"binary-expr","locations":[{"start":{"line":132,"column":20},"end":{"line":132,"column":39}},{"start":{"line":132,"column":43},"end":{"line":132,"column":45}}],"line":132},"3":{"loc":{"start":{"line":135,"column":48},"end":{"line":135,"column":72}},"type":"binary-expr","locations":[{"start":{"line":135,"column":48},"end":{"line":135,"column":66}},{"start":{"line":135,"column":70},"end":{"line":135,"column":72}}],"line":135},"4":{"loc":{"start":{"line":135,"column":76},"end":{"line":135,"column":99}},"type":"binary-expr","locations":[{"start":{"line":135,"column":76},"end":{"line":135,"column":93}},{"start":{"line":135,"column":97},"end":{"line":135,"column":99}}],"line":135}},"s":{"0":1,"1":1,"2":1,"3":1,"4":0,"5":0,"6":0,"7":0,"8":0,"9":0,"10":0,"11":0,"12":0,"13":0,"14":0,"15":0,"16":0,"17":0,"18":0,"19":0,"20":0,"21":0,"22":0,"23":0,"24":0,"25":0,"26":0,"27":0,"28":0,"29":0,"30":0,"31":0,"32":0,"33":0,"34":0,"35":0,"36":0,"37":0,"38":0,"39":0,"40":0,"41":0,"42":0,"43":0,"44":0,"45":0,"46":0,"47":0,"48":0,"49":0,"50":0,"51":1},"f":{"0":0,"1":0,"2":0,"3":0,"4":0,"5":0,"6":0,"7":0},"b":{"0":[0,0],"1":[0,0],"2":[0,0],"3":[0,0],"4":[0,0]},"_coverageSchema":"1a1c01bbd47fc00a2c39e90264f33305004495a9","hash":"ecc87017b5700260d11d1826b0ab7301b917141d"}
,"C:\\Users\\Danuka\\Documents\\SEM5 - SE Project\\backend-api-auth\\database\\connection.js": {"path":"C:\\Users\\Danuka\\Documents\\SEM5 - SE Project\\backend-api-auth\\database\\connection.js","statementMap":{"0":{"start":{"line":1,"column":0},"end":{"line":1,"column":26}},"1":{"start":{"line":3,"column":17},"end":{"line":3,"column":36}},"2":{"start":{"line":4,"column":16},"end":{"line":4,"column":41}},"3":{"start":{"line":5,"column":20},"end":{"line":5,"column":49}},"4":{"start":{"line":11,"column":23},"end":{"line":11,"column":134}},"5":{"start":{"line":17,"column":0},"end":{"line":24,"column":1}},"6":{"start":{"line":18,"column":4},"end":{"line":23,"column":8}},"7":{"start":{"line":25,"column":0},"end":{"line":27,"column":1}},"8":{"start":{"line":26,"column":4},"end":{"line":26,"column":42}},"9":{"start":{"line":28,"column":0},"end":{"line":28,"column":27}}},"fnMap":{"0":{"name":"(anonymous_0)","decl":{"start":{"line":17,"column":18},"end":{"line":17,"column":19}},"loc":{"start":{"line":17,"column":36},"end":{"line":24,"column":1}},"line":17},"1":{"name":"(anonymous_1)","decl":{"start":{"line":22,"column":8},"end":{"line":22,"column":9}},"loc":{"start":{"line":22,"column":17},"end":{"line":23,"column":5}},"line":22},"2":{"name":"(anonymous_2)","decl":{"start":{"line":25,"column":21},"end":{"line":25,"column":22}},"loc":{"start":{"line":25,"column":39},"end":{"line":27,"column":1}},"line":25}},"branchMap":{"0":{"loc":{"start":{"line":4,"column":16},"end":{"line":4,"column":41}},"type":"binary-expr","locations":[{"start":{"line":4,"column":16},"end":{"line":4,"column":35}},{"start":{"line":4,"column":39},"end":{"line":4,"column":41}}],"line":4},"1":{"loc":{"start":{"line":5,"column":20},"end":{"line":5,"column":49}},"type":"binary-expr","locations":[{"start":{"line":5,"column":20},"end":{"line":5,"column":43}},{"start":{"line":5,"column":47},"end":{"line":5,"column":49}}],"line":5}},"s":{"0":1,"1":1,"2":1,"3":1,"4":1,"5":1,"6":1,"7":1,"8":1,"9":1},"f":{"0":1,"1":1,"2":1},"b":{"0":[1,0],"1":[1,0]},"_coverageSchema":"1a1c01bbd47fc00a2c39e90264f33305004495a9","hash":"85a24f52f762dca27bfff4711b3129a7d40665c5"}
,"C:\\Users\\Danuka\\Documents\\SEM5 - SE Project\\backend-api-auth\\database\\schemas\\alertSchema.js": {"path":"C:\\Users\\Danuka\\Documents\\SEM5 - SE Project\\backend-api-auth\\database\\schemas\\alertSchema.js","statementMap":{"0":{"start":{"line":1,"column":17},"end":{"line":1,"column":36}},"1":{"start":{"line":7,"column":20},"end":{"line":13,"column":2}},"2":{"start":{"line":15,"column":0},"end":{"line":15,"column":53}}},"fnMap":{},"branchMap":{},"s":{"0":1,"1":1,"2":1},"f":{},"b":{},"_coverageSchema":"1a1c01bbd47fc00a2c39e90264f33305004495a9","hash":"e0352fbd5e608ad4c5624f2b87ef2389a3f0f40a"}
,"C:\\Users\\Danuka\\Documents\\SEM5 - SE Project\\backend-api-auth\\database\\schemas\\dailyStockSchema.js": {"path":"C:\\Users\\Danuka\\Documents\\SEM5 - SE Project\\backend-api-auth\\database\\schemas\\dailyStockSchema.js","statementMap":{"0":{"start":{"line":1,"column":17},"end":{"line":1,"column":36}},"1":{"start":{"line":3,"column":19},"end":{"line":8,"column":2}},"2":{"start":{"line":10,"column":25},"end":{"line":19,"column":6}},"3":{"start":{"line":21,"column":0},"end":{"line":21,"column":63}}},"fnMap":{},"branchMap":{},"s":{"0":1,"1":1,"2":1,"3":1},"f":{},"b":{},"_coverageSchema":"1a1c01bbd47fc00a2c39e90264f33305004495a9","hash":"6532b568e9755589732c9c41e516e517cc82a47b"}
,"C:\\Users\\Danuka\\Documents\\SEM5 - SE Project\\backend-api-auth\\database\\schemas\\locationSchema.js": {"path":"C:\\Users\\Danuka\\Documents\\SEM5 - SE Project\\backend-api-auth\\database\\schemas\\locationSchema.js","statementMap":{"0":{"start":{"line":1,"column":17},"end":{"line":1,"column":36}},"1":{"start":{"line":3,"column":23},"end":{"line":10,"column":2}},"2":{"start":{"line":11,"column":0},"end":{"line":11,"column":44}},"3":{"start":{"line":12,"column":0},"end":{"line":12,"column":59}}},"fnMap":{},"branchMap":{},"s":{"0":1,"1":1,"2":1,"3":1},"f":{},"b":{},"_coverageSchema":"1a1c01bbd47fc00a2c39e90264f33305004495a9","hash":"290834cec06918eac135722fc4950d170a8b0b31"}
,"C:\\Users\\Danuka\\Documents\\SEM5 - SE Project\\backend-api-auth\\database\\schemas\\productSchema.js": {"path":"C:\\Users\\Danuka\\Documents\\SEM5 - SE Project\\backend-api-auth\\database\\schemas\\productSchema.js","statementMap":{"0":{"start":{"line":1,"column":17},"end":{"line":1,"column":36}},"1":{"start":{"line":7,"column":22},"end":{"line":14,"column":2}},"2":{"start":{"line":17,"column":22},"end":{"line":30,"column":71}},"3":{"start":{"line":32,"column":0},"end":{"line":32,"column":57}}},"fnMap":{},"branchMap":{},"s":{"0":2,"1":2,"2":2,"3":2},"f":{},"b":{},"_coverageSchema":"1a1c01bbd47fc00a2c39e90264f33305004495a9","hash":"89f72d6ab753f6c020c2be9886f63f10fdfebb31"}
,"C:\\Users\\Danuka\\Documents\\SEM5 - SE Project\\backend-api-auth\\database\\schemas\\purchaseSchema.js": {"path":"C:\\Users\\Danuka\\Documents\\SEM5 - SE Project\\backend-api-auth\\database\\schemas\\purchaseSchema.js","statementMap":{"0":{"start":{"line":1,"column":17},"end":{"line":1,"column":36}},"1":{"start":{"line":7,"column":23},"end":{"line":26,"column":2}},"2":{"start":{"line":28,"column":0},"end":{"line":28,"column":59}}},"fnMap":{},"branchMap":{},"s":{"0":1,"1":1,"2":1},"f":{},"b":{},"_coverageSchema":"1a1c01bbd47fc00a2c39e90264f33305004495a9","hash":"f6d499ab04131bd49e8c3ecebb63ac7f39f82886"}
,"C:\\Users\\Danuka\\Documents\\SEM5 - SE Project\\backend-api-auth\\database\\schemas\\userSchema.js": {"path":"C:\\Users\\Danuka\\Documents\\SEM5 - SE Project\\backend-api-auth\\database\\schemas\\userSchema.js","statementMap":{"0":{"start":{"line":1,"column":17},"end":{"line":1,"column":36}},"1":{"start":{"line":8,"column":22},"end":{"line":8,"column":48}},"2":{"start":{"line":10,"column":21},"end":{"line":18,"column":2}},"3":{"start":{"line":21,"column":22},"end":{"line":26,"column":2}},"4":{"start":{"line":27,"column":27},"end":{"line":34,"column":2}},"5":{"start":{"line":35,"column":21},"end":{"line":50,"column":2}},"6":{"start":{"line":53,"column":19},"end":{"line":66,"column":2}},"7":{"start":{"line":59,"column":50},"end":{"line":59,"column":81}},"8":{"start":{"line":60,"column":56},"end":{"line":60,"column":85}},"9":{"start":{"line":61,"column":56},"end":{"line":61,"column":85}},"10":{"start":{"line":67,"column":0},"end":{"line":67,"column":40}},"11":{"start":{"line":68,"column":0},"end":{"line":68,"column":51}}},"fnMap":{"0":{"name":"(anonymous_0)","decl":{"start":{"line":59,"column":39},"end":{"line":59,"column":40}},"loc":{"start":{"line":59,"column":49},"end":{"line":59,"column":82}},"line":59},"1":{"name":"(anonymous_1)","decl":{"start":{"line":60,"column":43},"end":{"line":60,"column":44}},"loc":{"start":{"line":60,"column":55},"end":{"line":60,"column":86}},"line":60},"2":{"name":"(anonymous_2)","decl":{"start":{"line":61,"column":43},"end":{"line":61,"column":44}},"loc":{"start":{"line":61,"column":55},"end":{"line":61,"column":86}},"line":61}},"branchMap":{},"s":{"0":4,"1":4,"2":4,"3":4,"4":4,"5":4,"6":4,"7":0,"8":0,"9":0,"10":4,"11":4},"f":{"0":0,"1":0,"2":0},"b":{},"_coverageSchema":"1a1c01bbd47fc00a2c39e90264f33305004495a9","hash":"237f8694b8de2ec360333b06420a3504ad42bc05"}
,"C:\\Users\\Danuka\\Documents\\SEM5 - SE Project\\backend-api-auth\\database\\schemas\\vehicleSchema.js": {"path":"C:\\Users\\Danuka\\Documents\\SEM5 - SE Project\\backend-api-auth\\database\\schemas\\vehicleSchema.js","statementMap":{"0":{"start":{"line":1,"column":17},"end":{"line":1,"column":36}},"1":{"start":{"line":8,"column":22},"end":{"line":14,"column":2}},"2":{"start":{"line":16,"column":0},"end":{"line":16,"column":30}},"3":{"start":{"line":17,"column":0},"end":{"line":17,"column":70}}},"fnMap":{},"branchMap":{},"s":{"0":4,"1":4,"2":4,"3":4},"f":{},"b":{},"_coverageSchema":"1a1c01bbd47fc00a2c39e90264f33305004495a9","hash":"8e3af12ac955f6102933519ab74095dd6eca6c42"}
,"C:\\Users\\Danuka\\Documents\\SEM5 - SE Project\\backend-api-auth\\database\\schemas\\vehicleSchemaMain.js": {"path":"C:\\Users\\Danuka\\Documents\\SEM5 - SE Project\\backend-api-auth\\database\\schemas\\vehicleSchemaMain.js","statementMap":{"0":{"start":{"line":1,"column":17},"end":{"line":1,"column":36}},"1":{"start":{"line":8,"column":22},"end":{"line":19,"column":2}},"2":{"start":{"line":21,"column":0},"end":{"line":21,"column":63}}},"fnMap":{},"branchMap":{},"s":{"0":1,"1":1,"2":1},"f":{},"b":{},"_coverageSchema":"1a1c01bbd47fc00a2c39e90264f33305004495a9","hash":"50d96983e61dad65ff60c4dfb69eb4f7064b94f2"}
,"C:\\Users\\Danuka\\Documents\\SEM5 - SE Project\\backend-api-auth\\database\\schemas\\vendorRequest.js": {"path":"C:\\Users\\Danuka\\Documents\\SEM5 - SE Project\\backend-api-auth\\database\\schemas\\vendorRequest.js","statementMap":{"0":{"start":{"line":1,"column":17},"end":{"line":1,"column":36}},"1":{"start":{"line":8,"column":22},"end":{"line":8,"column":48}},"2":{"start":{"line":10,"column":28},"end":{"line":24,"column":72}},"3":{"start":{"line":26,"column":0},"end":{"line":26,"column":69}}},"fnMap":{},"branchMap":{},"s":{"0":1,"1":1,"2":1,"3":1},"f":{},"b":{},"_coverageSchema":"1a1c01bbd47fc00a2c39e90264f33305004495a9","hash":"e98d359a52c49d475a9478e67a377cdcdccc145e"}
,"C:\\Users\\Danuka\\Documents\\SEM5 - SE Project\\backend-api-auth\\middlewares\\validator.js": {"path":"C:\\Users\\Danuka\\Documents\\SEM5 - SE Project\\backend-api-auth\\middlewares\\validator.js","statementMap":{"0":{"start":{"line":1,"column":12},"end":{"line":1,"column":26}},"1":{"start":{"line":3,"column":15},"end":{"line":3,"column":41}},"2":{"start":{"line":9,"column":34},"end":{"line":20,"column":2}},"3":{"start":{"line":31,"column":23},"end":{"line":39,"column":1}},"4":{"start":{"line":32,"column":4},"end":{"line":37,"column":5}},"5":{"start":{"line":33,"column":8},"end":{"line":33,"column":54}},"6":{"start":{"line":36,"column":8},"end":{"line":36,"column":61}},"7":{"start":{"line":38,"column":4},"end":{"line":38,"column":10}},"8":{"start":{"line":41,"column":0},"end":{"line":43,"column":1}},"9":{"start":{"line":42,"column":4},"end":{"line":42,"column":67}}},"fnMap":{"0":{"name":"(anonymous_0)","decl":{"start":{"line":31,"column":23},"end":{"line":31,"column":24}},"loc":{"start":{"line":31,"column":67},"end":{"line":39,"column":1}},"line":31},"1":{"name":"(anonymous_1)","decl":{"start":{"line":41,"column":37},"end":{"line":41,"column":38}},"loc":{"start":{"line":41,"column":63},"end":{"line":43,"column":1}},"line":41}},"branchMap":{},"s":{"0":1,"1":1,"2":1,"3":1,"4":0,"5":0,"6":0,"7":0,"8":1,"9":0},"f":{"0":0,"1":0},"b":{},"_coverageSchema":"1a1c01bbd47fc00a2c39e90264f33305004495a9","hash":"1fd521b4c2814506feba4a5dc29bce0530cbe8cc"}
,"C:\\Users\\Danuka\\Documents\\SEM5 - SE Project\\backend-api-auth\\models\\admin.js": {"path":"C:\\Users\\Danuka\\Documents\\SEM5 - SE Project\\backend-api-auth\\models\\admin.js","statementMap":{"0":{"start":{"line":1,"column":14},"end":{"line":1,"column":55}},"1":{"start":{"line":2,"column":15},"end":{"line":2,"column":32}},"2":{"start":{"line":4,"column":0},"end":{"line":10,"column":1}},"3":{"start":{"line":7,"column":13},"end":{"line":7,"column":57}},"4":{"start":{"line":8,"column":4},"end":{"line":8,"column":13}},"5":{"start":{"line":12,"column":0},"end":{"line":24,"column":1}},"6":{"start":{"line":15,"column":4},"end":{"line":23,"column":7}},"7":{"start":{"line":26,"column":0},"end":{"line":35,"column":1}},"8":{"start":{"line":27,"column":17},"end":{"line":27,"column":41}},"9":{"start":{"line":28,"column":25},"end":{"line":28,"column":58}},"10":{"start":{"line":29,"column":4},"end":{"line":34,"column":5}},"11":{"start":{"line":30,"column":8},"end":{"line":30,"column":70}},"12":{"start":{"line":33,"column":8},"end":{"line":33,"column":15}}},"fnMap":{"0":{"name":"(anonymous_0)","decl":{"start":{"line":4,"column":26},"end":{"line":4,"column":27}},"loc":{"start":{"line":4,"column":34},"end":{"line":10,"column":1}},"line":4},"1":{"name":"(anonymous_1)","decl":{"start":{"line":12,"column":28},"end":{"line":12,"column":29}},"loc":{"start":{"line":12,"column":44},"end":{"line":24,"column":1}},"line":12},"2":{"name":"(anonymous_2)","decl":{"start":{"line":26,"column":32},"end":{"line":26,"column":33}},"loc":{"start":{"line":26,"column":59},"end":{"line":35,"column":1}},"line":26}},"branchMap":{},"s":{"0":2,"1":2,"2":2,"3":1,"4":1,"5":2,"6":0,"7":2,"8":0,"9":0,"10":0,"11":0,"12":0},"f":{"0":1,"1":0,"2":0},"b":{},"_coverageSchema":"1a1c01bbd47fc00a2c39e90264f33305004495a9","hash":"906da6a8dd8b5de3c47710bbde0aaa017fb5aaed"}
,"C:\\Users\\Danuka\\Documents\\SEM5 - SE Project\\backend-api-auth\\models\\alert.js": {"path":"C:\\Users\\Danuka\\Documents\\SEM5 - SE Project\\backend-api-auth\\models\\alert.js","statementMap":{"0":{"start":{"line":1,"column":15},"end":{"line":1,"column":32}},"1":{"start":{"line":3,"column":13},"end":{"line":3,"column":55}},"2":{"start":{"line":4,"column":14},"end":{"line":4,"column":56}},"3":{"start":{"line":10,"column":0},"end":{"line":21,"column":1}},"4":{"start":{"line":11,"column":21},"end":{"line":11,"column":45}},"5":{"start":{"line":12,"column":29},"end":{"line":12,"column":67}},"6":{"start":{"line":13,"column":8},"end":{"line":20,"column":11}},"7":{"start":{"line":26,"column":0},"end":{"line":34,"column":1}},"8":{"start":{"line":27,"column":25},"end":{"line":32,"column":9}},"9":{"start":{"line":33,"column":8},"end":{"line":33,"column":24}},"10":{"start":{"line":35,"column":0},"end":{"line":43,"column":1}},"11":{"start":{"line":36,"column":28},"end":{"line":41,"column":9}},"12":{"start":{"line":42,"column":8},"end":{"line":42,"column":27}},"13":{"start":{"line":44,"column":0},"end":{"line":46,"column":1}},"14":{"start":{"line":45,"column":8},"end":{"line":45,"column":77}},"15":{"start":{"line":47,"column":0},"end":{"line":49,"column":1}},"16":{"start":{"line":48,"column":8},"end":{"line":48,"column":50}}},"fnMap":{"0":{"name":"(anonymous_0)","decl":{"start":{"line":10,"column":29},"end":{"line":10,"column":30}},"loc":{"start":{"line":10,"column":41},"end":{"line":21,"column":1}},"line":10},"1":{"name":"(anonymous_1)","decl":{"start":{"line":26,"column":26},"end":{"line":26,"column":27}},"loc":{"start":{"line":26,"column":60},"end":{"line":34,"column":1}},"line":26},"2":{"name":"(anonymous_2)","decl":{"start":{"line":35,"column":29},"end":{"line":35,"column":30}},"loc":{"start":{"line":35,"column":63},"end":{"line":43,"column":1}},"line":35},"3":{"name":"(anonymous_3)","decl":{"start":{"line":44,"column":33},"end":{"line":44,"column":34}},"loc":{"start":{"line":44,"column":67},"end":{"line":46,"column":1}},"line":44},"4":{"name":"(anonymous_4)","decl":{"start":{"line":47,"column":38},"end":{"line":47,"column":39}},"loc":{"start":{"line":47,"column":61},"end":{"line":49,"column":1}},"line":47}},"branchMap":{},"s":{"0":1,"1":1,"2":1,"3":1,"4":0,"5":0,"6":0,"7":1,"8":0,"9":0,"10":1,"11":0,"12":0,"13":1,"14":0,"15":1,"16":0},"f":{"0":0,"1":0,"2":0,"3":0,"4":0},"b":{},"_coverageSchema":"1a1c01bbd47fc00a2c39e90264f33305004495a9","hash":"5d17634a42ffc1c8100d368c1dc8a783d502dc81"}
,"C:\\Users\\Danuka\\Documents\\SEM5 - SE Project\\backend-api-auth\\models\\driver.js": {"path":"C:\\Users\\Danuka\\Documents\\SEM5 - SE Project\\backend-api-auth\\models\\driver.js","statementMap":{"0":{"start":{"line":1,"column":13},"end":{"line":1,"column":54}},"1":{"start":{"line":2,"column":17},"end":{"line":2,"column":62}},"2":{"start":{"line":3,"column":19},"end":{"line":3,"column":66}},"3":{"start":{"line":4,"column":21},"end":{"line":4,"column":54}},"4":{"start":{"line":5,"column":15},"end":{"line":5,"column":32}},"5":{"start":{"line":6,"column":26},"end":{"line":6,"column":52}},"6":{"start":{"line":8,"column":0},"end":{"line":45,"column":1}},"7":{"start":{"line":10,"column":4},"end":{"line":44,"column":5}},"8":{"start":{"line":11,"column":8},"end":{"line":11,"column":58}},"9":{"start":{"line":12,"column":8},"end":{"line":43,"column":9}},"10":{"start":{"line":13,"column":12},"end":{"line":36,"column":14}},"11":{"start":{"line":14,"column":27},"end":{"line":14,"column":56}},"12":{"start":{"line":15,"column":31},"end":{"line":28,"column":31}},"13":{"start":{"line":29,"column":16},"end":{"line":29,"column":35}},"14":{"start":{"line":30,"column":16},"end":{"line":35,"column":35}},"15":{"start":{"line":39,"column":12},"end":{"line":39,"column":19}},"16":{"start":{"line":42,"column":12},"end":{"line":42,"column":32}},"17":{"start":{"line":47,"column":0},"end":{"line":56,"column":1}},"18":{"start":{"line":48,"column":17},"end":{"line":48,"column":41}},"19":{"start":{"line":49,"column":25},"end":{"line":49,"column":58}},"20":{"start":{"line":50,"column":4},"end":{"line":55,"column":5}},"21":{"start":{"line":51,"column":8},"end":{"line":51,"column":74}},"22":{"start":{"line":54,"column":8},"end":{"line":54,"column":15}},"23":{"start":{"line":58,"column":0},"end":{"line":84,"column":1}},"24":{"start":{"line":60,"column":4},"end":{"line":83,"column":5}},"25":{"start":{"line":61,"column":8},"end":{"line":61,"column":58}},"26":{"start":{"line":62,"column":8},"end":{"line":76,"column":10}},"27":{"start":{"line":63,"column":22},"end":{"line":63,"column":24}},"28":{"start":{"line":64,"column":12},"end":{"line":66,"column":14}},"29":{"start":{"line":65,"column":16},"end":{"line":65,"column":58}},"30":{"start":{"line":67,"column":27},"end":{"line":67,"column":62}},"31":{"start":{"line":68,"column":27},"end":{"line":69,"column":44}},"32":{"start":{"line":70,"column":34},"end":{"line":73,"column":31}},"33":{"start":{"line":75,"column":12},"end":{"line":75,"column":32}},"34":{"start":{"line":79,"column":8},"end":{"line":79,"column":15}},"35":{"start":{"line":82,"column":8},"end":{"line":82,"column":28}},"36":{"start":{"line":86,"column":0},"end":{"line":119,"column":1}},"37":{"start":{"line":87,"column":18},"end":{"line":87,"column":28}},"38":{"start":{"line":88,"column":4},"end":{"line":88,"column":30}},"39":{"start":{"line":90,"column":16},"end":{"line":90,"column":26}},"40":{"start":{"line":91,"column":4},"end":{"line":91,"column":33}},"41":{"start":{"line":93,"column":4},"end":{"line":118,"column":5}},"42":{"start":{"line":94,"column":8},"end":{"line":94,"column":58}},"43":{"start":{"line":95,"column":8},"end":{"line":111,"column":10}},"44":{"start":{"line":96,"column":34},"end":{"line":100,"column":13}},"45":{"start":{"line":101,"column":12},"end":{"line":110,"column":49}},"46":{"start":{"line":102,"column":37},"end":{"line":106,"column":17}},"47":{"start":{"line":107,"column":16},"end":{"line":108,"column":53}},"48":{"start":{"line":107,"column":46},"end":{"line":107,"column":79}},"49":{"start":{"line":108,"column":21},"end":{"line":108,"column":53}},"50":{"start":{"line":110,"column":17},"end":{"line":110,"column":49}},"51":{"start":{"line":114,"column":8},"end":{"line":114,"column":15}},"52":{"start":{"line":117,"column":8},"end":{"line":117,"column":34}},"53":{"start":{"line":121,"column":0},"end":{"line":131,"column":1}},"54":{"start":{"line":122,"column":4},"end":{"line":130,"column":5}},"55":{"start":{"line":123,"column":8},"end":{"line":126,"column":13}},"56":{"start":{"line":129,"column":8},"end":{"line":129,"column":15}},"57":{"start":{"line":133,"column":0},"end":{"line":142,"column":1}},"58":{"start":{"line":134,"column":4},"end":{"line":141,"column":5}},"59":{"start":{"line":135,"column":8},"end":{"line":138,"column":9}},"60":{"start":{"line":140,"column":8},"end":{"line":140,"column":15}},"61":{"start":{"line":144,"column":0},"end":{"line":160,"column":1}},"62":{"start":{"line":145,"column":4},"end":{"line":159,"column":5}},"63":{"start":{"line":146,"column":8},"end":{"line":156,"column":9}},"64":{"start":{"line":158,"column":8},"end":{"line":158,"column":15}},"65":{"start":{"line":162,"column":0},"end":{"line":169,"column":1}},"66":{"start":{"line":163,"column":4},"end":{"line":168,"column":5}},"67":{"start":{"line":164,"column":8},"end":{"line":164,"column":59}},"68":{"start":{"line":167,"column":8},"end":{"line":167,"column":15}},"69":{"start":{"line":171,"column":0},"end":{"line":182,"column":1}},"70":{"start":{"line":172,"column":4},"end":{"line":181,"column":5}},"71":{"start":{"line":173,"column":8},"end":{"line":177,"column":10}},"72":{"start":{"line":180,"column":8},"end":{"line":180,"column":15}},"73":{"start":{"line":184,"column":0},"end":{"line":210,"column":1}},"74":{"start":{"line":186,"column":4},"end":{"line":209,"column":5}},"75":{"start":{"line":187,"column":8},"end":{"line":187,"column":58}},"76":{"start":{"line":188,"column":8},"end":{"line":202,"column":10}},"77":{"start":{"line":189,"column":34},"end":{"line":192,"column":13}},"78":{"start":{"line":193,"column":12},"end":{"line":200,"column":13}},"79":{"start":{"line":194,"column":39},"end":{"line":197,"column":17}},"80":{"start":{"line":198,"column":16},"end":{"line":198,"column":83}},"81":{"start":{"line":198,"column":48},"end":{"line":198,"column":83}},"82":{"start":{"line":199,"column":16},"end":{"line":199,"column":50}},"83":{"start":{"line":201,"column":12},"end":{"line":201,"column":45}},"84":{"start":{"line":205,"column":8},"end":{"line":205,"column":15}},"85":{"start":{"line":208,"column":8},"end":{"line":208,"column":28}}},"fnMap":{"0":{"name":"(anonymous_0)","decl":{"start":{"line":8,"column":30},"end":{"line":8,"column":31}},"loc":{"start":{"line":8,"column":56},"end":{"line":45,"column":1}},"line":8},"1":{"name":"(anonymous_1)","decl":{"start":{"line":13,"column":42},"end":{"line":13,"column":43}},"loc":{"start":{"line":13,"column":54},"end":{"line":36,"column":13}},"line":13},"2":{"name":"(anonymous_2)","decl":{"start":{"line":47,"column":32},"end":{"line":47,"column":33}},"loc":{"start":{"line":47,"column":59},"end":{"line":56,"column":1}},"line":47},"3":{"name":"(anonymous_3)","decl":{"start":{"line":58,"column":30},"end":{"line":58,"column":31}},"loc":{"start":{"line":58,"column":54},"end":{"line":84,"column":1}},"line":58},"4":{"name":"(anonymous_4)","decl":{"start":{"line":62,"column":38},"end":{"line":62,"column":39}},"loc":{"start":{"line":62,"column":50},"end":{"line":76,"column":9}},"line":62},"5":{"name":"(anonymous_5)","decl":{"start":{"line":64,"column":38},"end":{"line":64,"column":39}},"loc":{"start":{"line":64,"column":45},"end":{"line":66,"column":13}},"line":64},"6":{"name":"(anonymous_6)","decl":{"start":{"line":86,"column":31},"end":{"line":86,"column":32}},"loc":{"start":{"line":86,"column":51},"end":{"line":119,"column":1}},"line":86},"7":{"name":"(anonymous_7)","decl":{"start":{"line":95,"column":38},"end":{"line":95,"column":39}},"loc":{"start":{"line":95,"column":50},"end":{"line":111,"column":9}},"line":95},"8":{"name":"(anonymous_8)","decl":{"start":{"line":121,"column":27},"end":{"line":121,"column":28}},"loc":{"start":{"line":121,"column":47},"end":{"line":131,"column":1}},"line":121},"9":{"name":"(anonymous_9)","decl":{"start":{"line":133,"column":37},"end":{"line":133,"column":38}},"loc":{"start":{"line":133,"column":57},"end":{"line":142,"column":1}},"line":133},"10":{"name":"(anonymous_10)","decl":{"start":{"line":144,"column":43},"end":{"line":144,"column":44}},"loc":{"start":{"line":144,"column":65},"end":{"line":160,"column":1}},"line":144},"11":{"name":"(anonymous_11)","decl":{"start":{"line":162,"column":32},"end":{"line":162,"column":33}},"loc":{"start":{"line":162,"column":50},"end":{"line":169,"column":1}},"line":162},"12":{"name":"(anonymous_12)","decl":{"start":{"line":171,"column":29},"end":{"line":171,"column":30}},"loc":{"start":{"line":171,"column":57},"end":{"line":182,"column":1}},"line":171},"13":{"name":"(anonymous_13)","decl":{"start":{"line":184,"column":35},"end":{"line":184,"column":36}},"loc":{"start":{"line":184,"column":66},"end":{"line":210,"column":1}},"line":184},"14":{"name":"(anonymous_14)","decl":{"start":{"line":188,"column":38},"end":{"line":188,"column":39}},"loc":{"start":{"line":188,"column":50},"end":{"line":202,"column":9}},"line":188}},"branchMap":{"0":{"loc":{"start":{"line":10,"column":4},"end":{"line":44,"column":5}},"type":"if","locations":[{"start":{"line":10,"column":4},"end":{"line":44,"column":5}},{"start":{},"end":{}}],"line":10},"1":{"loc":{"start":{"line":10,"column":8},"end":{"line":10,"column":24}},"type":"binary-expr","locations":[{"start":{"line":10,"column":8},"end":{"line":10,"column":16}},{"start":{"line":10,"column":20},"end":{"line":10,"column":24}}],"line":10},"2":{"loc":{"start":{"line":25,"column":40},"end":{"line":25,"column":65}},"type":"binary-expr","locations":[{"start":{"line":25,"column":40},"end":{"line":25,"column":59}},{"start":{"line":25,"column":63},"end":{"line":25,"column":65}}],"line":25},"3":{"loc":{"start":{"line":101,"column":12},"end":{"line":110,"column":49}},"type":"if","locations":[{"start":{"line":101,"column":12},"end":{"line":110,"column":49}},{"start":{"line":110,"column":17},"end":{"line":110,"column":49}}],"line":101},"4":{"loc":{"start":{"line":107,"column":16},"end":{"line":108,"column":53}},"type":"if","locations":[{"start":{"line":107,"column":16},"end":{"line":108,"column":53}},{"start":{"line":108,"column":21},"end":{"line":108,"column":53}}],"line":107},"5":{"loc":{"start":{"line":193,"column":12},"end":{"line":200,"column":13}},"type":"if","locations":[{"start":{"line":193,"column":12},"end":{"line":200,"column":13}},{"start":{},"end":{}}],"line":193},"6":{"loc":{"start":{"line":198,"column":16},"end":{"line":198,"column":83}},"type":"if","locations":[{"start":{"line":198,"column":16},"end":{"line":198,"column":83}},{"start":{},"end":{}}],"line":198}},"s":{"0":1,"1":1,"2":1,"3":1,"4":1,"5":1,"6":1,"7":0,"8":0,"9":0,"10":0,"11":0,"12":0,"13":0,"14":0,"15":0,"16":0,"17":1,"18":0,"19":0,"20":0,"21":0,"22":0,"23":1,"24":0,"25":0,"26":0,"27":0,"28":0,"29":0,"30":0,"31":0,"32":0,"33":0,"34":0,"35":0,"36":1,"37":0,"38":0,"39":0,"40":0,"41":0,"42":0,"43":0,"44":0,"45":0,"46":0,"47":0,"48":0,"49":0,"50":0,"51":0,"52":0,"53":1,"54":0,"55":0,"56":0,"57":1,"58":0,"59":0,"60":0,"61":1,"62":0,"63":0,"64":0,"65":1,"66":0,"67":0,"68":0,"69":1,"70":0,"71":0,"72":0,"73":1,"74":0,"75":0,"76":0,"77":0,"78":0,"79":0,"80":0,"81":0,"82":0,"83":0,"84":0,"85":0},"f":{"0":0,"1":0,"2":0,"3":0,"4":0,"5":0,"6":0,"7":0,"8":0,"9":0,"10":0,"11":0,"12":0,"13":0,"14":0},"b":{"0":[0,0],"1":[0,0],"2":[0,0],"3":[0,0],"4":[0,0],"5":[0,0],"6":[0,0]},"_coverageSchema":"1a1c01bbd47fc00a2c39e90264f33305004495a9","hash":"f46764ffd0af05161027937a9fc27d7d7690ae6e"}
[...]
,"C:\\Users\\Danuka\\Documents\\SEM5 - SE Project\\backend-api-auth\\routes\\auth\\login.js": {"path":"C:\\Users\\Danuka\\Documents\\SEM5 - SE Project\\backend-api-auth\\routes\\auth\\login.js","statementMap":{"0":{"start":{"line":1,"column":15},"end":{"line":1,"column":32}},"1":{"start":{"line":3,"column":13},"end":{"line":3,"column":41}},"2":{"start":{"line":4,"column":21},"end":{"line":4,"column":57}},"3":{"start":{"line":12,"column":0},"end":{"line":38,"column":1}},"4":{"start":{"line":13,"column":22},"end":{"line":13,"column":40}},"5":{"start":{"line":14,"column":21},"end":{"line":14,"column":38}},"6":{"start":{"line":15,"column":17},"end":{"line":15,"column":57}},"7":{"start":{"line":16,"column":17},"end":{"line":16,"column":19}},"8":{"start":{"line":17,"column":4},"end":{"line":27,"column":74}},"9":{"start":{"line":18,"column":8},"end":{"line":24,"column":10}},"10":{"start":{"line":27,"column":9},"end":{"line":27,"column":74}},"11":{"start":{"line":30,"column":20},"end":{"line":30,"column":68}},"12":{"start":{"line":31,"column":4},"end":{"line":31,"column":81}},"13":{"start":{"line":31,"column":17},"end":{"line":31,"column":81}},"14":{"start":{"line":32,"column":4},"end":{"line":32,"column":24}},"15":{"start":{"line":33,"column":4},"end":{"line":37,"column":6}}},"fnMap":{"0":{"name":"(anonymous_0)","decl":{"start":{"line":12,"column":17},"end":{"line":12,"column":18}},"loc":{"start":{"line":12,"column":37},"end":{"line":38,"column":1}},"line":12}},"branchMap":{"0":{"loc":{"start":{"line":17,"column":4},"end":{"line":27,"column":74}},"type":"if","locations":[{"start":{"line":17,"column":4},"end":{"line":27,"column":74}},{"start":{"line":27,"column":9},"end":{"line":27,"column":74}}],"line":17},"1":{"loc":{"start":{"line":31,"column":4},"end":{"line":31,"column":81}},"type":"if","locations":[{"start":{"line":31,"column":4},"end":{"line":31,"column":81}},{"start":{},"end":{}}],"line":31}},"s":{"0":1,"1":1,"2":1,"3":1,"4":1,"5":1,"6":1,"7":1,"8":1,"9":1,"10":0,"11":1,"12":1,"13":0,"14":1,"15":1},"f":{"0":1},"b":{"0":[1,0],"1":[0,1]},"_coverageSchema":"1a1c01bbd47fc00a2c39e90264f33305004495a9","hash":"d2efbf2caf0b6a76f79b2df3d4eb464781b3d621"}
,"C:\\Users\\Danuka\\Documents\\SEM5 - SE Project\\backend-api-auth\\routes\\auth\\logout.js": {"path":"C:\\Users\\Danuka\\Documents\\SEM5 - SE Project\\backend-api-auth\\routes\\auth\\logout.js","statementMap":{"0":{"start":{"line":7,"column":0},"end":{"line":9,"column":1}},"1":{"start":{"line":8,"column":4},"end":{"line":8,"column":90}}},"fnMap":{"0":{"name":"(anonymous_0)","decl":{"start":{"line":7,"column":17},"end":{"line":7,"column":18}},"loc":{"start":{"line":7,"column":37},"end":{"line":9,"column":1}},"line":7}},"branchMap":{},"s":{"0":1,"1":0},"f":{"0":0},"b":{},"_coverageSchema":"1a1c01bbd47fc00a2c39e90264f33305004495a9","hash":"805db8019e927723f54c1324723e02a7a3f48a59"}
,"C:\\Users\\Danuka\\Documents\\SEM5 - SE Project\\backend-api-auth\\routes\\auth\\register.js": {"path":"C:\\Users\\Danuka\\Documents\\SEM5 - SE Project\\backend-api-auth\\routes\\auth\\register.js","statementMap":{"0":{"start":{"line":1,"column":13},"end":{"line":1,"column":41}},"1":{"start":{"line":9,"column":0},"end":{"line":24,"column":1}},"2":{"start":{"line":10,"column":17},"end":{"line":10,"column":48}},"3":{"start":{"line":11,"column":4},"end":{"line":22,"column":5}},"4":{"start":{"line":12,"column":8},"end":{"line":15,"column":10}},"5":{"start":{"line":18,"column":8},"end":{"line":21,"column":10}}},"fnMap":{"0":{"name":"(anonymous_0)","decl":{"start":{"line":9,"column":17},"end":{"line":9,"column":18}},"loc":{"start":{"line":9,"column":37},"end":{"line":24,"column":1}},"line":9}},"branchMap":{},"s":{"0":1,"1":1,"2":0,"3":0,"4":0,"5":0},"f":{"0":0},"b":{},"_coverageSchema":"1a1c01bbd47fc00a2c39e90264f33305004495a9","hash":"67ae8044f1c90d270276a528c40c80b373f143e6"}
,"C:\\Users\\Danuka\\Documents\\SEM5 - SE Project\\backend-api-auth\\routes\\auth\\token.js": {"path":"C:\\Users\\Danuka\\Documents\\SEM5 - SE Project\\backend-api-auth\\routes\\auth\\token.js","statementMap":{"0":{"start":{"line":1,"column":21},"end":{"line":1,"column":57}},"1":{"start":{"line":9,"column":0},"end":{"line":14,"column":1}},"2":{"start":{"line":10,"column":4},"end":{"line":13,"column":6}}},"fnMap":{"0":{"name":"(anonymous_0)","decl":{"start":{"line":9,"column":17},"end":{"line":9,"column":18}},"loc":{"start":{"line":9,"column":37},"end":{"line":14,"column":1}},"line":9}},"branchMap":{},"s":{"0":1,"1":1,"2":0},"f":{"0":0},"b":{},"_coverageSchema":"1a1c01bbd47fc00a2c39e90264f33305004495a9","hash":"1824d760fa33b563d7688ba7706a9702a227daa5"}
,"C:\\Users\\Danuka\\Documents\\SEM5 - SE Project\\backend-api-auth\\utils\\regexp.js": {"path":"C:\\Users\\Danuka\\Documents\\SEM5 - SE Project\\backend-api-auth\\utils\\regexp.js","statementMap":{"0":{"start":{"line":1,"column":0},"end":{"line":1,"column":192}},"1":{"start":{"line":2,"column":0},"end":{"line":2,"column":103}}},"fnMap":{},"branchMap":{},"s":{"0":1,"1":1},"f":{},"b":{},"_coverageSchema":"1a1c01bbd47fc00a2c39e90264f33305004495a9","hash":"bc7f054a57d453aef9c1d77bca95813b0cdfb9b3"}
,"C:\\Users\\Danuka\\Documents\\SEM5 - SE Project\\backend-api-auth\\utils\\tokenHenadler.js": {"path":"C:\\Users\\Danuka\\Documents\\SEM5 - SE Project\\backend-api-auth\\utils\\tokenHenadler.js","statementMap":{"0":{"start":{"line":1,"column":20},"end":{"line":1,"column":49}},"1":{"start":{"line":2,"column":12},"end":{"line":2,"column":35}},"2":{"start":{"line":4,"column":28},"end":{"line":4,"column":36}},"3":{"start":{"line":5,"column":29},"end":{"line":5,"column":38}},"4":{"start":{"line":7,"column":0},"end":{"line":7,"column":26}},"5":{"start":{"line":10,"column":26},"end":{"line":10,"column":28}},"6":{"start":{"line":17,"column":28},"end":{"line":23,"column":1}},"7":{"start":{"line":18,"column":4},"end":{"line":22,"column":5}},"8":{"start":{"line":25,"column":0},"end":{"line":25,"column":56}},"9":{"start":{"line":32,"column":29},"end":{"line":49,"column":1}},"10":{"start":{"line":33,"column":25},"end":{"line":37,"column":5}},"11":{"start":{"line":39,"column":31},"end":{"line":39,"column":99}},"12":{"start":{"line":39,"column":62},"end":{"line":39,"column":98}},"13":{"start":{"line":41,"column":4},"end":{"line":47,"column":48}},"14":{"start":{"line":42,"column":8},"end":{"line":45,"column":10}},"15":{"start":{"line":47,"column":9},"end":{"line":47,"column":48}},"16":{"start":{"line":48,"column":4},"end":{"line":48,"column":23}},"17":{"start":{"line":50,"column":0},"end":{"line":50,"column":58}},"18":{"start":{"line":55,"column":0},"end":{"line":62,"column":1}},"19":{"start":{"line":56,"column":24},"end":{"line":56,"column":52}},"20":{"start":{"line":57,"column":25},"end":{"line":57,"column":54}},"21":{"start":{"line":58,"column":4},"end":{"line":61,"column":5}},"22":{"start":{"line":70,"column":0},"end":{"line":87,"column":1}},"23":{"start":{"line":71,"column":4},"end":{"line":86,"column":5}},"24":{"start":{"line":72,"column":36},"end":{"line":72,"column":61}},"25":{"start":{"line":73,"column":8},"end":{"line":81,"column":9}},"26":{"start":{"line":74,"column":26},"end":{"line":74,"column":59}},"27":{"start":{"line":75,"column":12},"end":{"line":80,"column":13}},"28":{"start":{"line":77,"column":16},"end":{"line":77,"column":79}},"29":{"start":{"line":78,"column":16},"end":{"line":78,"column":22}},"30":{"start":{"line":79,"column":16},"end":{"line":79,"column":22}},"31":{"start":{"line":82,"column":8},"end":{"line":82,"column":60}},"32":{"start":{"line":85,"column":8},"end":{"line":85,"column":62}},"33":{"start":{"line":95,"column":0},"end":{"line":116,"column":1}},"34":{"start":{"line":96,"column":4},"end":{"line":115,"column":5}},"35":{"start":{"line":97,"column":22},"end":{"line":97,"column":39}},"36":{"start":{"line":98,"column":8},"end":{"line":111,"column":69}},"37":{"start":{"line":99,"column":28},"end":{"line":99,"column":101}},"38":{"start":{"line":100,"column":12},"end":{"line":104,"column":13}},"39":{"start":{"line":106,"column":39},"end":{"line":106,"column":91}},"40":{"start":{"line":106,"column":70},"end":{"line":106,"column":90}},"41":{"start":{"line":107,"column":12},"end":{"line":107,"column":92}},"42":{"start":{"line":107,"column":36},"end":{"line":107,"column":92}},"43":{"start":{"line":108,"column":12},"end":{"line":108,"column":18}},"44":{"start":{"line":109,"column":12},"end":{"line":109,"column":18}},"45":{"start":{"line":111,"column":13},"end":{"line":111,"column":69}},"46":{"start":{"line":114,"column":8},"end":{"line":114,"column":57}},"47":{"start":{"line":118,"column":0},"end":{"line":126,"column":1}},"48":{"start":{"line":119,"column":18},"end":{"line":119,"column":35}},"49":{"start":{"line":120,"column":4},"end":{"line":124,"column":68}},"50":{"start":{"line":121,"column":35},"end":{"line":121,"column":87}},"51":{"start":{"line":121,"column":66},"end":{"line":121,"column":86}},"52":{"start":{"line":122,"column":8},"end":{"line":122,"column":60}},"53":{"start":{"line":122,"column":31},"end":{"line":122,"column":60}},"54":{"start":{"line":124,"column":9},"end":{"line":124,"column":68}},"55":{"start":{"line":125,"column":4},"end":{"line":125,"column":10}},"56":{"start":{"line":128,"column":0},"end":{"line":134,"column":1}},"57":{"start":{"line":129,"column":4},"end":{"line":133,"column":5}},"58":{"start":{"line":136,"column":0},"end":{"line":138,"column":1}},"59":{"start":{"line":137,"column":4},"end":{"line":137,"column":66}},"60":{"start":{"line":140,"column":0},"end":{"line":146,"column":1}},"61":{"start":{"line":141,"column":4},"end":{"line":145,"column":5}},"62":{"start":{"line":148,"column":0},"end":{"line":150,"column":1}},"63":{"start":{"line":149,"column":4},"end":{"line":149,"column":63}}},"fnMap":{"0":{"name":"(anonymous_0)","decl":{"start":{"line":17,"column":28},"end":{"line":17,"column":29}},"loc":{"start":{"line":17,"column":41},"end":{"line":23,"column":1}},"line":17},"1":{"name":"(anonymous_1)","decl":{"start":{"line":32,"column":29},"end":{"line":32,"column":30}},"loc":{"start":{"line":32,"column":42},"end":{"line":49,"column":1}},"line":32},"2":{"name":"(anonymous_2)","decl":{"start":{"line":39,"column":54},"end":{"line":39,"column":55}},"loc":{"start":{"line":39,"column":62},"end":{"line":39,"column":98}},"line":39},"3":{"name":"(anonymous_3)","decl":{"start":{"line":55,"column":29},"end":{"line":55,"column":30}},"loc":{"start":{"line":55,"column":42},"end":{"line":62,"column":1}},"line":55},"4":{"name":"(anonymous_4)","decl":{"start":{"line":70,"column":35},"end":{"line":70,"column":36}},"loc":{"start":{"line":70,"column":55},"end":{"line":87,"column":1}},"line":70},"5":{"name":"(anonymous_5)","decl":{"start":{"line":95,"column":36},"end":{"line":95,"column":37}},"loc":{"start":{"line":95,"column":56},"end":{"line":116,"column":1}},"line":95},"6":{"name":"(anonymous_6)","decl":{"start":{"line":106,"column":62},"end":{"line":106,"column":63}},"loc":{"start":{"line":106,"column":70},"end":{"line":106,"column":90}},"line":106},"7":{"name":"(anonymous_7)","decl":{"start":{"line":118,"column":36},"end":{"line":118,"column":37}},"loc":{"start":{"line":118,"column":56},"end":{"line":126,"column":1}},"line":118},"8":{"name":"(anonymous_8)","decl":{"start":{"line":121,"column":58},"end":{"line":121,"column":59}},"loc":{"start":{"line":121,"column":66},"end":{"line":121,"column":86}},"line":121},"9":{"name":"(anonymous_9)","decl":{"start":{"line":128,"column":53},"end":{"line":128,"column":54}},"loc":{"start":{"line":128,"column":66},"end":{"line":134,"column":1}},"line":128},"10":{"name":"(anonymous_10)","decl":{"start":{"line":136,"column":46},"end":{"line":136,"column":47}},"loc":{"start":{"line":136,"column":57},"end":{"line":138,"column":1}},"line":136},"11":{"name":"(anonymous_11)","decl":{"start":{"line":140,"column":48},"end":{"line":140,"column":49}},"loc":{"start":{"line":140,"column":61},"end":{"line":146,"column":1}},"line":140},"12":{"name":"(anonymous_12)","decl":{"start":{"line":148,"column":42},"end":{"line":148,"column":43}},"loc":{"start":{"line":148,"column":53},"end":{"line":150,"column":1}},"line":148}},"branchMap":{"0":{"loc":{"start":{"line":41,"column":4},"end":{"line":47,"column":48}},"type":"if","locations":[{"start":{"line":41,"column":4},"end":{"line":47,"column":48}},{"start":{"line":47,"column":9},"end":{"line":47,"column":48}}],"line":41},"1":{"loc":{"start":{"line":73,"column":8},"end":{"line":81,"column":9}},"type":"if","locations":[{"start":{"line":73,"column":8},"end":{"line":81,"column":9}},{"start":{},"end":{}}],"line":73},"2":{"loc":{"start":{"line":75,"column":12},"end":{"line":80,"column":13}},"type":"if","locations":[{"start":{"line":75,"column":12},"end":{"line":80,"column":13}},{"start":{},"end":{}}],"line":75},"3":{"loc":{"start":{"line":98,"column":8},"end":{"line":111,"column":69}},"type":"if","locations":[{"start":{"line":98,"column":8},"end":{"line":111,"column":69}},{"start":{"line":111,"column":13},"end":{"line":111,"column":69}}],"line":98},"4":{"loc":{"start":{"line":99,"column":46},"end":{"line":99,"column":100}},"type":"binary-expr","locations":[{"start":{"line":99,"column":46},"end":{"line":99,"column":76}},{"start":{"line":99,"column":80},"end":{"line":99,"column":100}}],"line":99},"5":{"loc":{"start":{"line":107,"column":12},"end":{"line":107,"column":92}},"type":"if","locations":[{"start":{"line":107,"column":12},"end":{"line":107,"column":92}},{"start":{},"end":{}}],"line":107},"6":{"loc":{"start":{"line":120,"column":4},"end":{"line":124,"column":68}},"type":"if","locations":[{"start":{"line":120,"column":4},"end":{"line":124,"column":68}},{"start":{"line":124,"column":9},"end":{"line":124,"column":68}}],"line":120},"7":{"loc":{"start":{"line":122,"column":8},"end":{"line":122,"column":60}},"type":"if","locations":[{"start":{"line":122,"column":8},"end":{"line":122,"column":60}},{"start":{},"end":{}}],"line":122}},"s":{"0":1,"1":1,"2":1,"3":1,"4":1,"5":1,"6":1,"7":1,"8":1,"9":1,"10":1,"11":1,"12":0,"13":1,"14":1,"15":0,"16":1,"17":1,"18":1,"19":1,"20":1,"21":1,"22":1,"23":0,"24":0,"25":0,"26":0,"27":0,"28":0,"29":0,"30":0,"31":0,"32":0,"33":1,"34":0,"35":0,"36":0,"37":0,"38":0,"39":0,"40":0,"41":0,"42":0,"43":0,"44":0,"45":0,"46":0,"47":1,"48":0,"49":0,"50":0,"51":0,"52":0,"53":0,"54":0,"55":0,"56":1,"57":0,"58":1,"59":0,"60":1,"61":0,"62":1,"63":0},"f":{"0":1,"1":1,"2":0,"3":1,"4":0,"5":0,"6":0,"7":0,"8":0,"9":0,"10":0,"11":0,"12":0},"b":{"0":[1,0],"1":[0,0],"2":[0,0],"3":[0,0],"4":[0,0],"5":[0,0],"6":[0,0],"7":[0,0]},"_coverageSchema":"1a1c01bbd47fc00a2c39e90264f33305004495a9","hash":"dcf4ccc177499665f4a429389d394a8cb77e28c5"}
,"C:\\Users\\Danuka\\Documents\\SEM5 - SE Project\\backend-api-auth\\utils\\email-service\\configuration.js": {"path":"C:\\Users\\Danuka\\Documents\\SEM5 - SE Project\\backend-api-auth\\utils\\email-service\\configuration.js","statementMap":{"0":{"start":{"line":1,"column":0},"end":{"line":1,"column":27}},"1":{"start":{"line":2,"column":19},"end":{"line":2,"column":40}},"2":{"start":{"line":3,"column":19},"end":{"line":3,"column":40}},"3":{"start":{"line":4,"column":15},"end":{"line":4,"column":33}},"4":{"start":{"line":6,"column":30},"end":{"line":6,"column":69}},"5":{"start":{"line":7,"column":36},"end":{"line":7,"column":81}},"6":{"start":{"line":8,"column":36},"end":{"line":8,"column":81}},"7":{"start":{"line":9,"column":32},"end":{"line":9,"column":73}},"8":{"start":{"line":10,"column":35},"end":{"line":10,"column":79}},"9":{"start":{"line":12,"column":26},"end":{"line":60,"column":1}},"10":{"start":{"line":13,"column":4},"end":{"line":59,"column":5}},"11":{"start":{"line":17,"column":29},"end":{"line":21,"column":9}},"12":{"start":{"line":23,"column":8},"end":{"line":25,"column":10}},"13":{"start":{"line":31,"column":28},"end":{"line":36,"column":10}},"14":{"start":{"line":32,"column":12},"end":{"line":35,"column":14}},"15":{"start":{"line":33,"column":16},"end":{"line":33,"column":33}},"16":{"start":{"line":33,"column":25},"end":{"line":33,"column":33}},"17":{"start":{"line":34,"column":16},"end":{"line":34,"column":30}},"18":{"start":{"line":38,"column":8},"end":{"line":38,"column":32}},"19":{"start":{"line":44,"column":28},"end":{"line":54,"column":10}},"20":{"start":{"line":55,"column":8},"end":{"line":55,"column":26}},"21":{"start":{"line":71,"column":0},"end":{"line":79,"column":1}},"22":{"start":{"line":72,"column":4},"end":{"line":78,"column":5}},"23":{"start":{"line":73,"column":33},"end":{"line":73,"column":58}},"24":{"start":{"line":74,"column":8},"end":{"line":74,"column":60}},"25":{"start":{"line":77,"column":8},"end":{"line":77,"column":15}}},"fnMap":{"0":{"name":"(anonymous_0)","decl":{"start":{"line":12,"column":26},"end":{"line":12,"column":27}},"loc":{"start":{"line":12,"column":38},"end":{"line":60,"column":1}},"line":12},"1":{"name":"(anonymous_1)","decl":{"start":{"line":31,"column":46},"end":{"line":31,"column":47}},"loc":{"start":{"line":31,"column":67},"end":{"line":36,"column":9}},"line":31},"2":{"name":"(anonymous_2)","decl":{"start":{"line":32,"column":40},"end":{"line":32,"column":41}},"loc":{"start":{"line":32,"column":56},"end":{"line":35,"column":13}},"line":32},"3":{"name":"(anonymous_3)","decl":{"start":{"line":71,"column":27},"end":{"line":71,"column":28}},"loc":{"start":{"line":71,"column":51},"end":{"line":79,"column":1}},"line":71}},"branchMap":{"0":{"loc":{"start":{"line":6,"column":30},"end":{"line":6,"column":69}},"type":"binary-expr","locations":[{"start":{"line":6,"column":30},"end":{"line":6,"column":63}},{"start":{"line":6,"column":67},"end":{"line":6,"column":69}}],"line":6},"1":{"loc":{"start":{"line":7,"column":36},"end":{"line":7,"column":81}},"type":"binary-expr","locations":[{"start":{"line":7,"column":36},"end":{"line":7,"column":75}},{"start":{"line":7,"column":79},"end":{"line":7,"column":81}}],"line":7},"2":{"loc":{"start":{"line":8,"column":36},"end":{"line":8,"column":81}},"type":"binary-expr","locations":[{"start":{"line":8,"column":36},"end":{"line":8,"column":75}},{"start":{"line":8,"column":79},"end":{"line":8,"column":81}}],"line":8},"3":{"loc":{"start":{"line":9,"column":32},"end":{"line":9,"column":73}},"type":"binary-expr","locations":[{"start":{"line":9,"column":32},"end":{"line":9,"column":67}},{"start":{"line":9,"column":71},"end":{"line":9,"column":73}}],"line":9},"4":{"loc":{"start":{"line":10,"column":35},"end":{"line":10,"column":79}},"type":"binary-expr","locations":[{"start":{"line":10,"column":35},"end":{"line":10,"column":73}},{"start":{"line":10,"column":77},"end":{"line":10,"column":79}}],"line":10},"5":{"loc":{"start":{"line":33,"column":16},"end":{"line":33,"column":33}},"type":"if","locations":[{"start":{"line":33,"column":16},"end":{"line":33,"column":33}},{"start":{},"end":{}}],"line":33}},"s":{"0":1,"1":1,"2":1,"3":1,"4":1,"5":1,"6":1,"7":1,"8":1,"9":1,"10":0,"11":0,"12":0,"13":0,"14":0,"15":0,"16":0,"17":0,"18":0,"19":0,"20":0,"21":1,"22":0,"23":0,"24":0,"25":0},"f":{"0":0,"1":0,"2":0,"3":0},"b":{"0":[1,0],"1":[1,0],"2":[1,0],"3":[1,0],"4":[1,0],"5":[0,0]},"_coverageSchema":"1a1c01bbd47fc00a2c39e90264f33305004495a9","hash":"1863b9ac857f298518577e02796960ebcb810c4c"}
}
