{"C:\\Users\\Danuka\\Documents\\SEM5 - SE Project\\backend-api-auth\\database\\connection.js": {"path":"C:\\Users\\Danuka\\Documents\\SEM5 - SE Project\\backend-api-auth\\database\\connection.js","statementMap":{"0":{"start":{"line":1,"column":0},"end":{"line":1,"column":26}},"1":{"start":{"line":3,"column":17},"end":{"line":3,"column":36}},"2":{"start":{"line":4,"column":16},"end":{"line":4,"column":41}},"3":{"start":{"line":5,"column":20},"end":{"line":5,"column":49}},"4":{"start":{"line":11,"column":23},"end":{"line":11,"column":134}},"5":{"start":{"line":17,"column":0},"end":{"line":24,"column":1}},"6":{"start":{"line":18,"column":4},"end":{"line":23,"column":8}},"7":{"start":{"line":25,"column":0},"end":{"line":27,"column":1}},"8":{"start":{"line":26,"column":4},"end":{"line":26,"column":42}},"9":{"start":{"line":28,"column":0},"end":{"line":28,"column":27}}},"fnMap":{"0":{"name":"(anonymous_0)","decl":{"start":{"line":17,"column":18},"end":{"line":17,"column":19}},"loc":{"start":{"line":17,"column":36},"end":{"line":24,"column":1}},"line":17},"1":{"name":"(anonymous_1)","decl":{"start":{"line":22,"column":8},"end":{"line":22,"column":9}},"loc":{"start":{"line":22,"column":17},"end":{"line":23,"column":5}},"line":22},"2":{"name":"(anonymous_2)","decl":{"start":{"line":25,"column":21},"end":{"line":25,"column":22}},"loc":{"start":{"line":25,"column":39},"end":{"line":27,"column":1}},"line":25}},"branchMap":{"0":{"loc":{"start":{"line":4,"column":16},"end":{"line":4,"column":41}},"type":"binary-expr","locations":[{"start":{"line":4,"column":16},"end":{"line":4,"column":35}},{"start":{"line":4,"column":39},"end":{"line":4,"column":41}}],"line":4},"1":{"loc":{"start":{"line":5,"column":20},"end":{"line":5,"column":49}},"type":"binary-expr","locations":[{"start":{"line":5,"column":20},"end":{"line":5,"column":43}},{"start":{"line":5,"column":47},"end":{"line":5,"column":49}}],"line":5}},"s":{"0":1,"1":1,"2":1,"3":1,"4":1,"5":1,"6":0,"7":1,"8":0,"9":1},"f":{"0":0,"1":0,"2":0},"b":{"0":[1,0],"1":[1,0]},"_coverageSchema":"1a1c01bbd47fc00a2c39e90264f33305004495a9","hash":"85a24f52f762dca27bfff4711b3129a7d40665c5"}
,"C:\\Users\\Danuka\\Documents\\SEM5 - SE Project\\backend-api-auth\\database\\schemas\\alertSchema.js": {"path":"C:\\Users\\Danuka\\Documents\\SEM5 - SE Project\\backend-api-auth\\database\\schemas\\alertSchema.js","statementMap":{"0":{"start":{"line":1,"column":17},"end":{"line":1,"column":36}},"1":{"start":{"line":7,"column":20},"end":{"line":13,"column":2}},"2":{"start":{"line":15,"column":0},"end":{"line":15,"column":53}}},"fnMap":{},"branchMap":{},"s":{"0":1,"1":1,"2":1},"f":{},"b":{},"_coverageSchema":"1a1c01bbd47fc00a2c39e90264f33305004495a9","hash":"e0352fbd5e608ad4c5624f2b87ef2389a3f0f40a"}
,"C:\\Users\\Danuka\\Documents\\SEM5 - SE Project\\backend-api-auth\\database\\schemas\\productSchema.js": {"path":"C:\\Users\\Danuka\\Documents\\SEM5 - SE Project\\backend-api-auth\\database\\schemas\\productSchema.js","statementMap":{"0":{"start":{"line":1,"column":17},"end":{"line":1,"column":36}},"1":{"start":{"line":7,"column":22},"end":{"line":14,"column":2}},"2":{"start":{"line":17,"column":22},"end":{"line":30,"column":71}},"3":{"start":{"line":32,"column":0},"end":{"line":32,"column":57}}},"fnMap":{},"branchMap":{},"s":{"0":2,"1":2,"2":2,"3":2},"f":{},"b":{},"_coverageSchema":"1a1c01bbd47fc00a2c39e90264f33305004495a9","hash":"89f72d6ab753f6c020c2be9886f63f10fdfebb31"}
,"C:\\Users\\Danuka\\Documents\\SEM5 - SE Project\\backend-api-auth\\database\\schemas\\userSchema.js": {"path":"C:\\Users\\Danuka\\Documents\\SEM5 - SE Project\\backend-api-auth\\database\\schemas\\userSchema.js","statementMap":{"0":{"start":{"line":1,"column":17},"end":{"line":1,"column":36}},"1":{"start":{"line":8,"column":22},"end":{"line":8,"column":48}},"2":{"start":{"line":10,"column":21},"end":{"line":18,"column":2}},"3":{"start":{"line":21,"column":22},"end":{"line":26,"column":2}},"4":{"start":{"line":27,"column":27},"end":{"line":34,"column":2}},"5":{"start":{"line":35,"column":21},"end":{"line":50,"column":2}},"6":{"start":{"line":53,"column":19},"end":{"line":66,"column":2}},"7":{"start":{"line":59,"column":50},"end":{"line":59,"column":81}},"8":{"start":{"line":60,"column":56},"end":{"line":60,"column":85}},"9":{"start":{"line":61,"column":56},"end":{"line":61,"column":85}},"10":{"start":{"line":67,"column":0},"end":{"line":67,"column":40}},"11":{"start":{"line":68,"column":0},"end":{"line":68,"column":51}}},"fnMap":{"0":{"name":"(anonymous_0)","decl":{"start":{"line":59,"column":39},"end":{"line":59,"column":40}},"loc":{"start":{"line":59,"column":49},"end":{"line":59,"column":82}},"line":59},"1":{"name":"(anonymous_1)","decl":{"start":{"line":60,"column":43},"end":{"line":60,"column":44}},"loc":{"start":{"line":60,"column":55},"end":{"line":60,"column":86}},"line":60},"2":{"name":"(anonymous_2)","decl":{"start":{"line":61,"column":43},"end":{"line":61,"column":44}},"loc":{"start":{"line":61,"column":55},"end":{"line":61,"column":86}},"line":61}},"branchMap":{},"s":{"0":4,"1":4,"2":4,"3":4,"4":4,"5":4,"6":4,"7":0,"8":0,"9":0,"10":4,"11":4},"f":{"0":0,"1":0,"2":0},"b":{},"_coverageSchema":"1a1c01bbd47fc00a2c39e90264f33305004495a9","hash":"237f8694b8de2ec360333b06420a3504ad42bc05"}
,"C:\\Users\\Danuka\\Documents\\SEM5 - SE Project\\backend-api-auth\\database\\schemas\\vehicleSchema.js": {"path":"C:\\Users\\Danuka\\Documents\\SEM5 - SE Project\\backend-api-auth\\database\\schemas\\vehicleSchema.js","statementMap":{"0":{"start":{"line":1,"column":17},"end":{"line":1,"column":36}},"1":{"start":{"line":8,"column":22},"end":{"line":14,"column":2}},"2":{"start":{"line":16,"column":0},"end":{"line":16,"column":30}},"3":{"start":{"line":17,"column":0},"end":{"line":17,"column":70}}},"fnMap":{},"branchMap":{},"s":{"0":4,"1":4,"2":4,"3":4},"f":{},"b":{},"_coverageSchema":"1a1c01bbd47fc00a2c39e90264f33305004495a9","hash":"8e3af12ac955f6102933519ab74095dd6eca6c42"}
,"C:\\Users\\Danuka\\Documents\\SEM5 - SE Project\\backend-api-auth\\models\\admin.js": {"path":"C:\\Users\\Danuka\\Documents\\SEM5 - SE Project\\backend-api-auth\\models\\admin.js","statementMap":{"0":{"start":{"line":1,"column":14},"end":{"line":1,"column":55}},"1":{"start":{"line":2,"column":15},"end":{"line":2,"column":32}},"2":{"start":{"line":4,"column":0},"end":{"line":10,"column":1}},"3":{"start":{"line":7,"column":13},"end":{"line":7,"column":57}},"4":{"start":{"line":8,"column":4},"end":{"line":8,"column":13}},"5":{"start":{"line":12,"column":0},"end":{"line":24,"column":1}},"6":{"start":{"line":15,"column":4},"end":{"line":23,"column":7}},"7":{"start":{"line":26,"column":0},"end":{"line":35,"column":1}},"8":{"start":{"line":27,"column":17},"end":{"line":27,"column":41}},"9":{"start":{"line":28,"column":25},"end":{"line":28,"column":58}},"10":{"start":{"line":29,"column":4},"end":{"line":34,"column":5}},"11":{"start":{"line":30,"column":8},"end":{"line":30,"column":70}},"12":{"start":{"line":33,"column":8},"end":{"line":33,"column":15}}},"fnMap":{"0":{"name":"(anonymous_0)","decl":{"start":{"line":4,"column":26},"end":{"line":4,"column":27}},"loc":{"start":{"line":4,"column":34},"end":{"line":10,"column":1}},"line":4},"1":{"name":"(anonymous_1)","decl":{"start":{"line":12,"column":28},"end":{"line":12,"column":29}},"loc":{"start":{"line":12,"column":44},"end":{"line":24,"column":1}},"line":12},"2":{"name":"(anonymous_2)","decl":{"start":{"line":26,"column":32},"end":{"line":26,"column":33}},"loc":{"start":{"line":26,"column":59},"end":{"line":35,"column":1}},"line":26}},"branchMap":{},"s":{"0":1,"1":1,"2":1,"3":1,"4":1,"5":1,"6":0,"7":1,"8":0,"9":0,"10":0,"11":0,"12":0},"f":{"0":1,"1":0,"2":0},"b":{},"_coverageSchema":"1a1c01bbd47fc00a2c39e90264f33305004495a9","hash":"906da6a8dd8b5de3c47710bbde0aaa017fb5aaed"}
,"C:\\Users\\Danuka\\Documents\\SEM5 - SE Project\\backend-api-auth\\models\\alert.js": {"path":"C:\\Users\\Danuka\\Documents\\SEM5 - SE Project\\backend-api-auth\\models\\alert.js","statementMap":{"0":{"start":{"line":1,"column":15},"end":{"line":1,"column":32}},"1":{"start":{"line":3,"column":13},"end":{"line":3,"column":55}},"2":{"start":{"line":4,"column":14},"end":{"line":4,"column":56}},"3":{"start":{"line":10,"column":0},"end":{"line":21,"column":1}},"4":{"start":{"line":11,"column":21},"end":{"line":11,"column":45}},"5":{"start":{"line":12,"column":29},"end":{"line":12,"column":67}},"6":{"start":{"line":13,"column":8},"end":{"line":20,"column":11}},"7":{"start":{"line":26,"column":0},"end":{"line":34,"column":1}},"8":{"start":{"line":27,"column":25},"end":{"line":32,"column":9}},"9":{"start":{"line":33,"column":8},"end":{"line":33,"column":24}},"10":{"start":{"line":35,"column":0},"end":{"line":43,"column":1}},"11":{"start":{"line":36,"column":28},"end":{"line":41,"column":9}},"12":{"start":{"line":42,"column":8},"end":{"line":42,"column":27}},"13":{"start":{"line":44,"column":0},"end":{"line":46,"column":1}},"14":{"start":{"line":45,"column":8},"end":{"line":45,"column":77}},"15":{"start":{"line":47,"column":0},"end":{"line":49,"column":1}},"16":{"start":{"line":48,"column":8},"end":{"line":48,"column":50}}},"fnMap":{"0":{"name":"(anonymous_0)","decl":{"start":{"line":10,"column":29},"end":{"line":10,"column":30}},"loc":{"start":{"line":10,"column":41},"end":{"line":21,"column":1}},"line":10},"1":{"name":"(anonymous_1)","decl":{"start":{"line":26,"column":26},"end":{"line":26,"column":27}},"loc":{"start":{"line":26,"column":60},"end":{"line":34,"column":1}},"line":26},"2":{"name":"(anonymous_2)","decl":{"start":{"line":35,"column":29},"end":{"line":35,"column":30}},"loc":{"start":{"line":35,"column":63},"end":{"line":43,"column":1}},"line":35},"3":{"name":"(anonymous_3)","decl":{"start":{"line":44,"column":33},"end":{"line":44,"column":34}},"loc":{"start":{"line":44,"column":67},"end":{"line":46,"column":1}},"line":44},"4":{"name":"(anonymous_4)","decl":{"start":{"line":47,"column":38},"end":{"line":47,"column":39}},"loc":{"start":{"line":47,"column":61},"end":{"line":49,"column":1}},"line":47}},"branchMap":{},"s":{"0":1,"1":1,"2":1,"3":1,"4":0,"5":0,"6":0,"7":1,"8":0,"9":0,"10":1,"11":0,"12":0,"13":1,"14":1,"15":1,"16":1},"f":{"0":0,"1":0,"2":0,"3":1,"4":1},"b":{},"_coverageSchema":"1a1c01bbd47fc00a2c39e90264f33305004495a9","hash":"5d17634a42ffc1c8100d368c1dc8a783d502dc81"}
,"C:\\Users\\Danuka\\Documents\\SEM5 - SE Project\\backend-api-auth\\models\\product.js": {"path":"C:\\Users\\Danuka\\Documents\\SEM5 - SE Project\\backend-api-auth\\models\\product.js","statementMap":{"0":{"start":{"line":1,"column":16},"end":{"line":1,"column":60}},"1":{"start":{"line":2,"column":13},"end":{"line":2,"column":54}},"2":{"start":{"line":3,"column":21},"end":{"line":3,"column":54}},"3":{"start":{"line":4,"column":15},"end":{"line":4,"column":42}},"4":{"start":{"line":6,"column":0},"end":{"line":42,"column":1}},"5":{"start":{"line":8,"column":4},"end":{"line":41,"column":5}},"6":{"start":{"line":9,"column":8},"end":{"line":9,"column":58}},"7":{"start":{"line":10,"column":8},"end":{"line":33,"column":10}},"8":{"start":{"line":11,"column":28},"end":{"line":18,"column":14}},"9":{"start":{"line":19,"column":12},"end":{"line":30,"column":22}},"10":{"start":{"line":20,"column":16},"end":{"line":30,"column":22}},"11":{"start":{"line":31,"column":12},"end":{"line":31,"column":32}},"12":{"start":{"line":32,"column":12},"end":{"line":32,"column":52}},"13":{"start":{"line":36,"column":8},"end":{"line":36,"column":22}},"14":{"start":{"line":37,"column":8},"end":{"line":37,"column":15}},"15":{"start":{"line":40,"column":8},"end":{"line":40,"column":28}},"16":{"start":{"line":44,"column":0},"end":{"line":75,"column":1}},"17":{"start":{"line":46,"column":31},"end":{"line":46,"column":33}},"18":{"start":{"line":47,"column":4},"end":{"line":49,"column":6}},"19":{"start":{"line":48,"column":8},"end":{"line":48,"column":66}},"20":{"start":{"line":50,"column":4},"end":{"line":74,"column":5}},"21":{"start":{"line":51,"column":8},"end":{"line":51,"column":58}},"22":{"start":{"line":52,"column":8},"end":{"line":67,"column":10}},"23":{"start":{"line":53,"column":35},"end":{"line":56,"column":28}},"24":{"start":{"line":57,"column":12},"end":{"line":66,"column":13}},"25":{"start":{"line":58,"column":16},"end":{"line":61,"column":32}},"26":{"start":{"line":62,"column":16},"end":{"line":62,"column":49}},"27":{"start":{"line":65,"column":16},"end":{"line":65,"column":48}},"28":{"start":{"line":70,"column":8},"end":{"line":70,"column":15}},"29":{"start":{"line":73,"column":8},"end":{"line":73,"column":28}},"30":{"start":{"line":77,"column":0},"end":{"line":79,"column":1}},"31":{"start":{"line":78,"column":4},"end":{"line":78,"column":43}},"32":{"start":{"line":82,"column":0},"end":{"line":85,"column":1}},"33":{"start":{"line":83,"column":4},"end":{"line":83,"column":39}},"34":{"start":{"line":88,"column":0},"end":{"line":94,"column":1}},"35":{"start":{"line":92,"column":4},"end":{"line":92,"column":40}},"36":{"start":{"line":97,"column":0},"end":{"line":99,"column":1}},"37":{"start":{"line":98,"column":4},"end":{"line":98,"column":60}},"38":{"start":{"line":105,"column":0},"end":{"line":140,"column":1}},"39":{"start":{"line":107,"column":18},"end":{"line":107,"column":23}},"40":{"start":{"line":108,"column":4},"end":{"line":139,"column":5}},"41":{"start":{"line":109,"column":8},"end":{"line":109,"column":58}},"42":{"start":{"line":110,"column":8},"end":{"line":133,"column":10}},"43":{"start":{"line":111,"column":35},"end":{"line":120,"column":28}},"44":{"start":{"line":121,"column":12},"end":{"line":131,"column":13}},"45":{"start":{"line":122,"column":39},"end":{"line":128,"column":17}},"46":{"start":{"line":129,"column":16},"end":{"line":130,"column":34}},"47":{"start":{"line":130,"column":20},"end":{"line":130,"column":34}},"48":{"start":{"line":132,"column":12},"end":{"line":132,"column":55}},"49":{"start":{"line":134,"column":8},"end":{"line":134,"column":61}},"50":{"start":{"line":134,"column":20},"end":{"line":134,"column":61}},"51":{"start":{"line":135,"column":8},"end":{"line":135,"column":51}},"52":{"start":{"line":138,"column":8},"end":{"line":138,"column":15}},"53":{"start":{"line":145,"column":0},"end":{"line":147,"column":1}},"54":{"start":{"line":146,"column":4},"end":{"line":146,"column":38}},"55":{"start":{"line":149,"column":0},"end":{"line":151,"column":1}},"56":{"start":{"line":150,"column":4},"end":{"line":150,"column":58}},"57":{"start":{"line":153,"column":0},"end":{"line":172,"column":1}},"58":{"start":{"line":154,"column":17},"end":{"line":154,"column":60}},"59":{"start":{"line":155,"column":26},"end":{"line":155,"column":45}},"60":{"start":{"line":156,"column":22},"end":{"line":156,"column":82}},"61":{"start":{"line":157,"column":19},"end":{"line":157,"column":68}},"62":{"start":{"line":158,"column":4},"end":{"line":171,"column":6}}},"fnMap":{"0":{"name":"(anonymous_0)","decl":{"start":{"line":6,"column":24},"end":{"line":6,"column":25}},"loc":{"start":{"line":6,"column":40},"end":{"line":42,"column":1}},"line":6},"1":{"name":"(anonymous_1)","decl":{"start":{"line":10,"column":38},"end":{"line":10,"column":39}},"loc":{"start":{"line":10,"column":50},"end":{"line":33,"column":9}},"line":10},"2":{"name":"(anonymous_2)","decl":{"start":{"line":44,"column":24},"end":{"line":44,"column":25}},"loc":{"start":{"line":44,"column":54},"end":{"line":75,"column":1}},"line":44},"3":{"name":"(anonymous_3)","decl":{"start":{"line":47,"column":30},"end":{"line":47,"column":31}},"loc":{"start":{"line":47,"column":37},"end":{"line":49,"column":5}},"line":47},"4":{"name":"(anonymous_4)","decl":{"start":{"line":52,"column":38},"end":{"line":52,"column":39}},"loc":{"start":{"line":52,"column":50},"end":{"line":67,"column":9}},"line":52},"5":{"name":"(anonymous_5)","decl":{"start":{"line":77,"column":25},"end":{"line":77,"column":26}},"loc":{"start":{"line":77,"column":37},"end":{"line":79,"column":1}},"line":77},"6":{"name":"(anonymous_6)","decl":{"start":{"line":82,"column":28},"end":{"line":82,"column":29}},"loc":{"start":{"line":82,"column":36},"end":{"line":85,"column":1}},"line":82},"7":{"name":"(anonymous_7)","decl":{"start":{"line":88,"column":29},"end":{"line":88,"column":30}},"loc":{"start":{"line":88,"column":43},"end":{"line":94,"column":1}},"line":88},"8":{"name":"(anonymous_8)","decl":{"start":{"line":97,"column":32},"end":{"line":97,"column":33}},"loc":{"start":{"line":97,"column":44},"end":{"line":99,"column":1}},"line":97},"9":{"name":"(anonymous_9)","decl":{"start":{"line":105,"column":24},"end":{"line":105,"column":25}},"loc":{"start":{"line":105,"column":48},"end":{"line":140,"column":1}},"line":105},"10":{"name":"(anonymous_10)","decl":{"start":{"line":110,"column":38},"end":{"line":110,"column":39}},"loc":{"start":{"line":110,"column":50},"end":{"line":133,"column":9}},"line":110},"11":{"name":"(anonymous_11)","decl":{"start":{"line":145,"column":38},"end":{"line":145,"column":39}},"loc":{"start":{"line":145,"column":52},"end":{"line":147,"column":1}},"line":145},"12":{"name":"(anonymous_12)","decl":{"start":{"line":149,"column":42},"end":{"line":149,"column":43}},"loc":{"start":{"line":149,"column":56},"end":{"line":151,"column":1}},"line":149},"13":{"name":"(anonymous_13)","decl":{"start":{"line":153,"column":27},"end":{"line":153,"column":28}},"loc":{"start":{"line":153,"column":56},"end":{"line":172,"column":1}},"line":153}},"branchMap":{"0":{"loc":{"start":{"line":19,"column":12},"end":{"line":30,"column":22}},"type":"if","locations":[{"start":{"line":19,"column":12},"end":{"line":30,"column":22}},{"start":{},"end":{}}],"line":19},"1":{"loc":{"start":{"line":19,"column":16},"end":{"line":19,"column":38}},"type":"binary-expr","locations":[{"start":{"line":19,"column":16},"end":{"line":19,"column":23}},{"start":{"line":19,"column":27},"end":{"line":19,"column":38}}],"line":19},"2":{"loc":{"start":{"line":57,"column":12},"end":{"line":66,"column":13}},"type":"if","locations":[{"start":{"line":57,"column":12},"end":{"line":66,"column":13}},{"start":{"line":64,"column":17},"end":{"line":66,"column":13}}],"line":57},"3":{"loc":{"start":{"line":121,"column":12},"end":{"line":131,"column":13}},"type":"if","locations":[{"start":{"line":121,"column":12},"end":{"line":131,"column":13}},{"start":{},"end":{}}],"line":121},"4":{"loc":{"start":{"line":129,"column":16},"end":{"line":130,"column":34}},"type":"if","locations":[{"start":{"line":129,"column":16},"end":{"line":130,"column":34}},{"start":{},"end":{}}],"line":129},"5":{"loc":{"start":{"line":134,"column":8},"end":{"line":134,"column":61}},"type":"if","locations":[{"start":{"line":134,"column":8},"end":{"line":134,"column":61}},{"start":{},"end":{}}],"line":134}},"s":{"0":1,"1":1,"2":1,"3":1,"4":1,"5":0,"6":0,"7":0,"8":0,"9":0,"10":0,"11":0,"12":0,"13":0,"14":0,"15":0,"16":1,"17":0,"18":0,"19":0,"20":0,"21":0,"22":0,"23":0,"24":0,"25":0,"26":0,"27":0,"28":0,"29":0,"30":1,"31":1,"32":1,"33":1,"34":1,"35":1,"36":1,"37":1,"38":1,"39":0,"40":0,"41":0,"42":0,"43":0,"44":0,"45":0,"46":0,"47":0,"48":0,"49":0,"50":0,"51":0,"52":0,"53":1,"54":1,"55":1,"56":1,"57":1,"58":0,"59":0,"60":0,"61":0,"62":0},"f":{"0":0,"1":0,"2":0,"3":0,"4":0,"5":1,"6":1,"7":1,"8":1,"9":0,"10":0,"11":1,"12":1,"13":0},"b":{"0":[0,0],"1":[0,0],"2":[0,0],"3":[0,0],"4":[0,0],"5":[0,0]},"_coverageSchema":"1a1c01bbd47fc00a2c39e90264f33305004495a9","hash":"d8756515475b9b51aa264f8f1532c849b4c62fbd"}
,"C:\\Users\\Danuka\\Documents\\SEM5 - SE Project\\backend-api-auth\\models\\user.js": {"path":"C:\\Users\\Danuka\\Documents\\SEM5 - SE Project\\backend-api-auth\\models\\user.js","statementMap":{"0":{"start":{"line":1,"column":15},"end":{"line":1,"column":32}},"1":{"start":{"line":3,"column":13},"end":{"line":3,"column":54}},"2":{"start":{"line":9,"column":0},"end":{"line":20,"column":1}},"3":{"start":{"line":10,"column":17},"end":{"line":10,"column":41}},"4":{"start":{"line":11,"column":25},"end":{"line":11,"column":63}},"5":{"start":{"line":12,"column":4},"end":{"line":19,"column":7}},"6":{"start":{"line":23,"column":0},"end":{"line":25,"column":1}},"7":{"start":{"line":24,"column":4},"end":{"line":24,"column":49}},"8":{"start":{"line":28,"column":0},"end":{"line":30,"column":1}},"9":{"start":{"line":29,"column":4},"end":{"line":29,"column":41}},"10":{"start":{"line":33,"column":0},"end":{"line":37,"column":1}},"11":{"start":{"line":36,"column":4},"end":{"line":36,"column":54}},"12":{"start":{"line":41,"column":0},"end":{"line":49,"column":1}},"13":{"start":{"line":42,"column":4},"end":{"line":48,"column":5}},"14":{"start":{"line":52,"column":0},"end":{"line":54,"column":1}},"15":{"start":{"line":53,"column":4},"end":{"line":53,"column":47}},"16":{"start":{"line":57,"column":0},"end":{"line":59,"column":1}},"17":{"start":{"line":58,"column":4},"end":{"line":58,"column":78}}},"fnMap":{"0":{"name":"(anonymous_0)","decl":{"start":{"line":9,"column":28},"end":{"line":9,"column":29}},"loc":{"start":{"line":9,"column":44},"end":{"line":20,"column":1}},"line":9},"1":{"name":"(anonymous_1)","decl":{"start":{"line":23,"column":36},"end":{"line":23,"column":37}},"loc":{"start":{"line":23,"column":51},"end":{"line":25,"column":1}},"line":23},"2":{"name":"(anonymous_2)","decl":{"start":{"line":28,"column":32},"end":{"line":28,"column":33}},"loc":{"start":{"line":28,"column":43},"end":{"line":30,"column":1}},"line":28},"3":{"name":"(anonymous_3)","decl":{"start":{"line":33,"column":29},"end":{"line":33,"column":30}},"loc":{"start":{"line":33,"column":37},"end":{"line":37,"column":1}},"line":33},"4":{"name":"(anonymous_4)","decl":{"start":{"line":41,"column":32},"end":{"line":41,"column":33}},"loc":{"start":{"line":41,"column":54},"end":{"line":49,"column":1}},"line":41},"5":{"name":"(anonymous_5)","decl":{"start":{"line":52,"column":31},"end":{"line":52,"column":32}},"loc":{"start":{"line":52,"column":48},"end":{"line":54,"column":1}},"line":52},"6":{"name":"(anonymous_6)","decl":{"start":{"line":57,"column":32},"end":{"line":57,"column":33}},"loc":{"start":{"line":57,"column":66},"end":{"line":59,"column":1}},"line":57}},"branchMap":{},"s":{"0":1,"1":1,"2":1,"3":0,"4":0,"5":0,"6":1,"7":1,"8":1,"9":1,"10":1,"11":1,"12":1,"13":1,"14":1,"15":0,"16":1,"17":0},"f":{"0":0,"1":1,"2":1,"3":1,"4":1,"5":0,"6":0},"b":{},"_coverageSchema":"1a1c01bbd47fc00a2c39e90264f33305004495a9","hash":"7c4e948eb34319bfa0d8d7855bbd5b95303b5b50"}
,"C:\\Users\\Danuka\\Documents\\SEM5 - SE Project\\backend-api-auth\\models\\vendor.js": {"path":"C:\\Users\\Danuka\\Documents\\SEM5 - SE Project\\backend-api-auth\\models\\vendor.js","statementMap":{"0":{"start":{"line":1,"column":15},"end":{"line":1,"column":56}},"1":{"start":{"line":2,"column":16},"end":{"line":2,"column":60}},"2":{"start":{"line":3,"column":15},"end":{"line":3,"column":32}},"3":{"start":{"line":4,"column":27},"end":{"line":4,"column":48}},"4":{"start":{"line":6,"column":0},"end":{"line":9,"column":1}},"5":{"start":{"line":7,"column":4},"end":{"line":7,"column":56}},"6":{"start":{"line":12,"column":0},"end":{"line":15,"column":1}},"7":{"start":{"line":13,"column":4},"end":{"line":13,"column":63}},"8":{"start":{"line":17,"column":0},"end":{"line":20,"column":1}},"9":{"start":{"line":18,"column":4},"end":{"line":18,"column":51}},"10":{"start":{"line":24,"column":0},"end":{"line":39,"column":1}},"11":{"start":{"line":29,"column":4},"end":{"line":37,"column":7}},"12":{"start":{"line":31,"column":8},"end":{"line":36,"column":9}},"13":{"start":{"line":32,"column":12},"end":{"line":32,"column":28}},"14":{"start":{"line":35,"column":12},"end":{"line":35,"column":42}},"15":{"start":{"line":46,"column":1},"end":{"line":50,"column":1}},"16":{"start":{"line":49,"column":4},"end":{"line":49,"column":29}},"17":{"start":{"line":52,"column":0},"end":{"line":65,"column":1}},"18":{"start":{"line":53,"column":17},"end":{"line":53,"column":58}},"19":{"start":{"line":54,"column":26},"end":{"line":54,"column":52}},"20":{"start":{"line":55,"column":22},"end":{"line":55,"column":89}},"21":{"start":{"line":56,"column":4},"end":{"line":64,"column":6}}},"fnMap":{"0":{"name":"(anonymous_0)","decl":{"start":{"line":6,"column":27},"end":{"line":6,"column":28}},"loc":{"start":{"line":6,"column":35},"end":{"line":9,"column":1}},"line":6},"1":{"name":"(anonymous_1)","decl":{"start":{"line":12,"column":28},"end":{"line":12,"column":29}},"loc":{"start":{"line":12,"column":40},"end":{"line":15,"column":1}},"line":12},"2":{"name":"(anonymous_2)","decl":{"start":{"line":17,"column":26},"end":{"line":17,"column":27}},"loc":{"start":{"line":17,"column":34},"end":{"line":20,"column":1}},"line":17},"3":{"name":"(anonymous_3)","decl":{"start":{"line":24,"column":30},"end":{"line":24,"column":31}},"loc":{"start":{"line":24,"column":44},"end":{"line":39,"column":1}},"line":24},"4":{"name":"(anonymous_4)","decl":{"start":{"line":30,"column":38},"end":{"line":30,"column":39}},"loc":{"start":{"line":30,"column":53},"end":{"line":37,"column":5}},"line":30},"5":{"name":"(anonymous_5)","decl":{"start":{"line":46,"column":30},"end":{"line":46,"column":31}},"loc":{"start":{"line":46,"column":46},"end":{"line":50,"column":1}},"line":46},"6":{"name":"(anonymous_6)","decl":{"start":{"line":52,"column":27},"end":{"line":52,"column":28}},"loc":{"start":{"line":52,"column":55},"end":{"line":65,"column":1}},"line":52}},"branchMap":{"0":{"loc":{"start":{"line":31,"column":8},"end":{"line":36,"column":9}},"type":"if","locations":[{"start":{"line":31,"column":8},"end":{"line":36,"column":9}},{"start":{"line":34,"column":12},"end":{"line":36,"column":9}}],"line":31}},"s":{"0":2,"1":2,"2":2,"3":2,"4":2,"5":1,"6":2,"7":1,"8":2,"9":1,"10":2,"11":0,"12":0,"13":0,"14":0,"15":2,"16":0,"17":2,"18":0,"19":0,"20":0,"21":0},"f":{"0":1,"1":1,"2":1,"3":0,"4":0,"5":0,"6":0},"b":{"0":[0,0]},"_coverageSchema":"1a1c01bbd47fc00a2c39e90264f33305004495a9","hash":"b5bbeb1bceb172dd90e8a3b3d3333234346def4a"}
}
