TN:
SF:database\schemas\alertSchema.js
FNF:0
FNH:0
DA:1,1
DA:7,1
DA:33,1
LF:3
LH:3
BRF:0
BRH:0
end_of_record
TN:
SF:database\schemas\productSchema.js
FNF:0
FNH:0
DA:1,1
DA:7,1
DA:17,1
DA:33,1
LF:4
LH:4
BRF:0
BRH:0
end_of_record
TN:
SF:database\schemas\userSchema.js
FN:61,(anonymous_0)
FNF:1
FNH:0
FNDA:0,(anonymous_0)
DA:1,3
DA:7,3
DA:12,3
DA:14,3
DA:23,3
DA:28,3
DA:34,3
DA:42,3
DA:55,3
DA:61,0
DA:67,3
LF:11
LH:10
BRF:0
BRH:0
end_of_record
TN:
SF:database\schemas\vehicleSchema.js
FNF:0
FNH:0
DA:1,3
DA:8,3
DA:16,3
LF:3
LH:3
BRF:0
BRH:0
end_of_record
TN:
SF:database\schemas\vendorRequest.js
FNF:0
FNH:0
DA:1,1
DA:8,1
DA:10,1
DA:25,1
LF:4
LH:4
BRF:0
BRH:0
end_of_record
TN:
SF:models\admin.js
FN:4,(anonymous_0)
FN:12,(anonymous_1)
FN:26,(anonymous_2)
FNF:3
FNH:1
FNDA:1,(anonymous_0)
FNDA:0,(anonymous_1)
FNDA:0,(anonymous_2)
DA:1,1
DA:2,1
DA:4,1
DA:7,1
DA:8,1
DA:12,1
DA:15,0
DA:26,1
DA:27,0
DA:28,0
DA:29,0
DA:30,0
DA:33,0
LF:13
LH:7
BRF:0
BRH:0
end_of_record
TN:
SF:models\alert.js
FN:10,(anonymous_0)
FN:27,(anonymous_1)
FNF:2
FNH:1
FNDA:0,(anonymous_0)
FNDA:1,(anonymous_1)
DA:1,1
DA:3,1
DA:4,1
DA:10,1
DA:11,0
DA:12,0
DA:13,0
DA:27,1
DA:28,1
LF:9
LH:6
BRF:0
BRH:0
end_of_record
TN:
SF:models\vendor.js
FN:5,(anonymous_0)
FN:11,(anonymous_1)
FN:16,(anonymous_2)
FN:23,(anonymous_3)
FN:29,(anonymous_4)
FN:45,(anonymous_5)
FNF:6
FNH:3
FNDA:1,(anonymous_0)
FNDA:1,(anonymous_1)
FNDA:1,(anonymous_2)
FNDA:0,(anonymous_3)
FNDA:0,(anonymous_4)
FNDA:0,(anonymous_5)
DA:1,1
DA:2,1
DA:3,1
DA:5,1
DA:6,1
DA:11,1
DA:12,1
DA:16,1
DA:17,1
DA:23,1
DA:24,0
DA:25,0
DA:28,0
DA:30,0
DA:31,0
DA:34,0
DA:45,1
DA:48,0
DA:49,0
LF:19
LH:11
BRDA:30,0,0,0
BRDA:30,0,1,0
BRF:2
BRH:0
end_of_record
TN:
SF:models\vendorRequest.js
FN:7,(anonymous_0)
FN:25,(anonymous_1)
FN:29,(anonymous_2)
FN:34,(anonymous_3)
FN:41,(anonymous_4)
FN:46,(anonymous_5)
FN:63,(anonymous_6)
FN:68,(anonymous_7)
FN:79,(anonymous_8)
FN:84,(anonymous_9)
FN:94,(anonymous_10)
FNF:11
FNH:5
FNDA:0,(anonymous_0)
FNDA:1,(anonymous_1)
FNDA:1,(anonymous_2)
FNDA:1,(anonymous_3)
FNDA:1,(anonymous_4)
FNDA:0,(anonymous_5)
FNDA:0,(anonymous_6)
FNDA:0,(anonymous_7)
FNDA:0,(anonymous_8)
FNDA:0,(anonymous_9)
FNDA:1,(anonymous_10)
DA:1,1
DA:2,1
DA:7,1
DA:8,0
DA:25,1
DA:26,1
DA:29,1
DA:30,1
DA:34,1
DA:36,1
DA:41,1
DA:42,1
DA:46,1
DA:47,0
DA:63,1
DA:66,0
DA:67,0
DA:69,0
DA:70,0
DA:73,0
DA:79,1
DA:82,0
DA:83,0
DA:85,0
DA:86,0
DA:89,0
DA:94,1
DA:95,1
LF:28
LH:16
BRDA:69,0,0,0
BRDA:69,0,1,0
BRDA:85,1,0,0
BRDA:85,1,1,0
BRF:4
BRH:0
end_of_record
